2022-01-31:10:45:29.487 Annotate [main] [] INFO  e.e.ec.leos.annotate.Application - Starting Application on LAPTOP-BDU9TSVS with PID 35292 (C:\Users\maria\eclipse-workspace\LeosWorkspace\LEOS\modules\annotate\server\target\classes started by maria in C:\Users\maria\eclipse-workspace\LeosWorkspace\LEOS\modules\annotate\server)
2022-01-31:10:45:29.493 Annotate [main] [] DEBUG e.e.ec.leos.annotate.Application - Running with Spring Boot v1.5.9.RELEASE, Spring v4.3.16.RELEASE
2022-01-31:10:45:29.493 Annotate [main] [] INFO  e.e.ec.leos.annotate.Application - The following profiles are active: h2
2022-01-31:10:45:29.549 Annotate [main] [] INFO  o.s.b.c.e.AnnotationConfigEmbeddedWebApplicationContext - Refreshing org.springframework.boot.context.embedded.AnnotationConfigEmbeddedWebApplicationContext@1dab8bd8: startup date [Mon Jan 31 10:45:29 CET 2022]; root of context hierarchy
2022-01-31:10:45:29.869 Annotate [background-preinit] [] INFO  o.h.validator.internal.util.Version - HV000001: Hibernate Validator 5.3.6.Final
2022-01-31:10:45:32.502 Annotate [main] [] INFO  o.s.b.c.e.t.TomcatEmbeddedServletContainer - Tomcat initialized with port(s): 9099 (http)
2022-01-31:10:45:32.521 Annotate [main] [] INFO  o.a.catalina.core.StandardService - Starting service [Tomcat]
2022-01-31:10:45:32.523 Annotate [main] [] INFO  o.a.catalina.core.StandardEngine - Starting Servlet Engine: Apache Tomcat/8.5.23
2022-01-31:10:45:32.728 Annotate [localhost-startStop-1] [] INFO  o.a.c.c.C.[.[localhost].[/annotate] - Initializing Spring embedded WebApplicationContext
2022-01-31:10:45:32.728 Annotate [localhost-startStop-1] [] INFO  o.s.web.context.ContextLoader - Root WebApplicationContext: initialization completed in 3180 ms
2022-01-31:10:45:32.993 Annotate [localhost-startStop-1] [] INFO  o.s.b.w.s.ServletRegistrationBean - Mapping servlet: 'dispatcherServlet' to [/]
2022-01-31:10:45:32.995 Annotate [localhost-startStop-1] [] INFO  o.s.b.w.s.ServletRegistrationBean - Mapping servlet: 'webServlet' to [/h2-console/*]
2022-01-31:10:45:32.999 Annotate [localhost-startStop-1] [] INFO  o.s.b.w.s.FilterRegistrationBean - Mapping filter: 'characterEncodingFilter' to: [/*]
2022-01-31:10:45:33.000 Annotate [localhost-startStop-1] [] INFO  o.s.b.w.s.FilterRegistrationBean - Mapping filter: 'hiddenHttpMethodFilter' to: [/*]
2022-01-31:10:45:33.000 Annotate [localhost-startStop-1] [] INFO  o.s.b.w.s.FilterRegistrationBean - Mapping filter: 'httpPutFormContentFilter' to: [/*]
2022-01-31:10:45:33.000 Annotate [localhost-startStop-1] [] INFO  o.s.b.w.s.FilterRegistrationBean - Mapping filter: 'requestContextFilter' to: [/*]
2022-01-31:10:45:33.423 Annotate [main] [] INFO  o.s.jdbc.datasource.init.ScriptUtils - Executing SQL script from URL [file:/C:/Users/maria/eclipse-workspace/LeosWorkspace/LEOS/modules/annotate/server/target/classes/schema-h2.sql]
2022-01-31:10:45:33.534 Annotate [main] [] INFO  o.s.jdbc.datasource.init.ScriptUtils - Executed SQL script from URL [file:/C:/Users/maria/eclipse-workspace/LeosWorkspace/LEOS/modules/annotate/server/target/classes/schema-h2.sql] in 111 ms.
2022-01-31:10:45:33.538 Annotate [main] [] INFO  o.s.jdbc.datasource.init.ScriptUtils - Executing SQL script from URL [file:/C:/Users/maria/eclipse-workspace/LeosWorkspace/LEOS/modules/annotate/server/target/classes/data-h2.sql]
2022-01-31:10:45:33.545 Annotate [main] [] INFO  o.s.jdbc.datasource.init.ScriptUtils - Executed SQL script from URL [file:/C:/Users/maria/eclipse-workspace/LeosWorkspace/LEOS/modules/annotate/server/target/classes/data-h2.sql] in 7 ms.
2022-01-31:10:45:33.773 Annotate [main] [] INFO  o.s.o.j.LocalContainerEntityManagerFactoryBean - Building JPA container EntityManagerFactory for persistence unit 'default'
2022-01-31:10:45:33.798 Annotate [main] [] INFO  o.h.jpa.internal.util.LogHelper - HHH000204: Processing PersistenceUnitInfo [
	name: default
	...]
2022-01-31:10:45:34.078 Annotate [main] [] INFO  org.hibernate.Version - HHH000412: Hibernate Core {5.0.12.Final}
2022-01-31:10:45:34.079 Annotate [main] [] INFO  org.hibernate.cfg.Environment - HHH000206: hibernate.properties not found
2022-01-31:10:45:34.081 Annotate [main] [] INFO  org.hibernate.cfg.Environment - HHH000021: Bytecode provider name : javassist
2022-01-31:10:45:34.132 Annotate [main] [] INFO  o.h.annotations.common.Version - HCANN000001: Hibernate Commons Annotations {5.0.1.Final}
2022-01-31:10:45:34.355 Annotate [main] [] INFO  org.hibernate.dialect.Dialect - HHH000400: Using dialect: org.hibernate.dialect.H2Dialect
2022-01-31:10:45:35.305 Annotate [main] [] INFO  o.s.o.j.LocalContainerEntityManagerFactoryBean - Initialized JPA EntityManagerFactory for persistence unit 'default'
2022-01-31:10:45:35.870 Annotate [main] [] INFO  o.h.h.i.QueryTranslatorFactoryInitiator - HHH000397: Using ASTQueryTranslatorFactory
2022-01-31:10:45:36.126 Annotate [main] [] INFO  e.e.e.l.a.s.impl.UserServiceImpl - No specific timeout configured for UD repo access; use default
2022-01-31:10:45:36.285 Annotate [main] [] INFO  o.s.s.c.ThreadPoolTaskExecutor - Initializing ExecutorService 
2022-01-31:10:45:36.611 Annotate [main] [] INFO  o.s.s.c.ThreadPoolTaskScheduler - Initializing ExecutorService  'defaultSockJsTaskScheduler'
2022-01-31:10:45:36.646 Annotate [main] [] INFO  o.s.w.s.s.s.WebSocketHandlerMapping - Mapped URL path [/ws] onto handler of type [class org.springframework.web.socket.server.support.WebSocketHttpRequestHandler]
2022-01-31:10:45:37.011 Annotate [main] [] INFO  o.s.w.s.m.m.a.RequestMappingHandlerAdapter - Looking for @ControllerAdvice: org.springframework.boot.context.embedded.AnnotationConfigEmbeddedWebApplicationContext@1dab8bd8: startup date [Mon Jan 31 10:45:29 CET 2022]; root of context hierarchy
2022-01-31:10:45:37.105 Annotate [main] [] INFO  o.s.w.s.m.m.a.RequestMappingHandlerMapping - Mapped "{[/api/annotations/{id}],methods=[GET],produces=[application/json]}" onto public org.springframework.http.ResponseEntity<java.lang.Object> eu.europa.ec.leos.annotate.controllers.AnnotationApiController.getAnnotation(javax.servlet.http.HttpServletRequest,javax.servlet.http.HttpServletResponse,java.lang.String) throws java.io.IOException,javax.servlet.ServletException
2022-01-31:10:45:37.108 Annotate [main] [] INFO  o.s.w.s.m.m.a.RequestMappingHandlerMapping - Mapped "{[/api/annotations/{id}],methods=[PATCH],consumes=[application/json],produces=[application/json]}" onto public org.springframework.http.ResponseEntity<java.lang.Object> eu.europa.ec.leos.annotate.controllers.AnnotationApiController.updateAnnotation(javax.servlet.http.HttpServletRequest,javax.servlet.http.HttpServletResponse,java.lang.String,java.lang.String,eu.europa.ec.leos.annotate.model.web.annotation.JsonAnnotation) throws java.io.IOException,javax.servlet.ServletException
2022-01-31:10:45:37.109 Annotate [main] [] INFO  o.s.w.s.m.m.a.RequestMappingHandlerMapping - Mapped "{[/api/annotations/{id}],methods=[DELETE],produces=[application/json]}" onto public org.springframework.http.ResponseEntity<java.lang.Object> eu.europa.ec.leos.annotate.controllers.AnnotationApiController.deleteAnnotation(javax.servlet.http.HttpServletRequest,javax.servlet.http.HttpServletResponse,java.lang.String) throws java.io.IOException,javax.servlet.ServletException
2022-01-31:10:45:37.109 Annotate [main] [] INFO  o.s.w.s.m.m.a.RequestMappingHandlerMapping - Mapped "{[/api/annotations],methods=[POST],consumes=[application/json],produces=[application/json]}" onto public org.springframework.http.ResponseEntity<java.lang.Object> eu.europa.ec.leos.annotate.controllers.AnnotationApiController.addAnnotation(javax.servlet.http.HttpServletRequest,javax.servlet.http.HttpServletResponse,java.lang.String,eu.europa.ec.leos.annotate.model.web.annotation.JsonAnnotation) throws java.io.IOException,javax.servlet.ServletException
2022-01-31:10:45:37.109 Annotate [main] [] INFO  o.s.w.s.m.m.a.RequestMappingHandlerMapping - Mapped "{[/api/count],methods=[GET],produces=[application/json]}" onto public org.springframework.http.ResponseEntity<java.lang.Object> eu.europa.ec.leos.annotate.controllers.AnnotationApiController.countAnnotations(javax.servlet.http.HttpServletRequest,javax.servlet.http.HttpServletResponse,eu.europa.ec.leos.annotate.model.search.AnnotationSearchCountOptions) throws java.io.IOException,javax.servlet.ServletException
2022-01-31:10:45:37.111 Annotate [main] [] INFO  o.s.w.s.m.m.a.RequestMappingHandlerMapping - Mapped "{[/api/search],methods=[GET],produces=[application/json]}" onto public org.springframework.http.ResponseEntity<java.lang.Object> eu.europa.ec.leos.annotate.controllers.AnnotationApiController.searchAnnotations(javax.servlet.http.HttpServletRequest,javax.servlet.http.HttpServletResponse,boolean,eu.europa.ec.leos.annotate.model.web.IncomingSearchOptions) throws java.io.IOException,javax.servlet.ServletException
2022-01-31:10:45:37.111 Annotate [main] [] INFO  o.s.w.s.m.m.a.RequestMappingHandlerMapping - Mapped "{[/api/annotations],methods=[DELETE],consumes=[application/json],produces=[application/json]}" onto public org.springframework.http.ResponseEntity<java.lang.Object> eu.europa.ec.leos.annotate.controllers.AnnotationApiController.bulkDeleteAnnotations(javax.servlet.http.HttpServletRequest,javax.servlet.http.HttpServletResponse,eu.europa.ec.leos.annotate.model.web.annotation.JsonIdList) throws java.io.IOException,javax.servlet.ServletException
2022-01-31:10:45:37.112 Annotate [main] [] INFO  o.s.w.s.m.m.a.RequestMappingHandlerMapping - Mapped "{[/app.html],produces=[text/html]}" onto public org.springframework.web.servlet.ModelAndView eu.europa.ec.leos.annotate.controllers.AppController.getAppHtml(javax.servlet.http.HttpServletRequest,javax.servlet.http.HttpServletResponse) throws java.lang.Exception
2022-01-31:10:45:37.113 Annotate [main] [] INFO  o.s.w.s.m.m.a.RequestMappingHandlerMapping - Mapped "{[/api/token],produces=[application/json]}" onto public org.springframework.http.ResponseEntity<java.lang.Object> eu.europa.ec.leos.annotate.controllers.AuthApiController.getToken(javax.servlet.http.HttpServletRequest,javax.servlet.http.HttpServletResponse) throws javax.servlet.ServletException
2022-01-31:10:45:37.115 Annotate [main] [] INFO  o.s.w.s.m.m.a.RequestMappingHandlerMapping - Mapped "{[/api/groups],methods=[GET],produces=[application/json]}" onto public org.springframework.http.ResponseEntity<java.lang.Object> eu.europa.ec.leos.annotate.controllers.GroupApiController.getGroups(javax.servlet.http.HttpServletRequest,javax.servlet.http.HttpServletResponse,java.lang.String,java.lang.String,java.lang.String) throws java.io.IOException,javax.servlet.ServletException
2022-01-31:10:45:37.116 Annotate [main] [] INFO  o.s.w.s.m.m.a.RequestMappingHandlerMapping - Mapped "{[/api/],methods=[GET],produces=[application/json]}" onto public java.lang.String eu.europa.ec.leos.annotate.controllers.StaticApiController.getApi(javax.servlet.http.HttpServletRequest,javax.servlet.http.HttpServletResponse) throws java.io.IOException,javax.servlet.ServletException
2022-01-31:10:45:37.116 Annotate [main] [] INFO  o.s.w.s.m.m.a.RequestMappingHandlerMapping - Mapped "{[/api/links],produces=[application/json]}" onto public java.lang.String eu.europa.ec.leos.annotate.controllers.StaticApiController.getLinks(javax.servlet.http.HttpServletRequest,javax.servlet.http.HttpServletResponse) throws java.io.IOException,javax.servlet.ServletException
2022-01-31:10:45:37.117 Annotate [main] [] INFO  o.s.w.s.m.m.a.RequestMappingHandlerMapping - Mapped "{[/api/changeStatus],methods=[POST],produces=[application/json]}" onto public org.springframework.http.ResponseEntity<java.lang.Object> eu.europa.ec.leos.annotate.controllers.StatusApiController.updateAnnotationStatus(javax.servlet.http.HttpServletRequest,javax.servlet.http.HttpServletResponse,eu.europa.ec.leos.annotate.model.web.StatusUpdateRequest,eu.europa.ec.leos.annotate.model.SimpleMetadata) throws java.io.IOException,javax.servlet.ServletException
2022-01-31:10:45:37.118 Annotate [main] [] INFO  o.s.w.s.m.m.a.RequestMappingHandlerMapping - Mapped "{[/api/publishContrib],methods=[POST],produces=[application/json]}" onto public org.springframework.http.ResponseEntity<java.lang.Object> eu.europa.ec.leos.annotate.controllers.StatusApiController.publishContributions(javax.servlet.http.HttpServletRequest,javax.servlet.http.HttpServletResponse,eu.europa.ec.leos.annotate.model.web.PublishContributionsRequest) throws java.io.IOException,javax.servlet.ServletException
2022-01-31:10:45:37.121 Annotate [main] [] INFO  o.s.w.s.m.m.a.RequestMappingHandlerMapping - Mapped "{[/api/annotations/{id}/accept],methods=[DELETE],produces=[application/json]}" onto public org.springframework.http.ResponseEntity<java.lang.Object> eu.europa.ec.leos.annotate.controllers.SuggestionApiController.acceptSuggestion(javax.servlet.http.HttpServletRequest,javax.servlet.http.HttpServletResponse,java.lang.String) throws java.io.IOException,javax.servlet.ServletException
2022-01-31:10:45:37.122 Annotate [main] [] INFO  o.s.w.s.m.m.a.RequestMappingHandlerMapping - Mapped "{[/api/annotations/{id}/reject],methods=[DELETE],produces=[application/json]}" onto public org.springframework.http.ResponseEntity<java.lang.Object> eu.europa.ec.leos.annotate.controllers.SuggestionApiController.rejectSuggestion(javax.servlet.http.HttpServletRequest,javax.servlet.http.HttpServletResponse,java.lang.String) throws java.io.IOException,javax.servlet.ServletException
2022-01-31:10:45:37.124 Annotate [main] [] INFO  o.s.w.s.m.m.a.RequestMappingHandlerMapping - Mapped "{[/api/profile],methods=[PATCH],consumes=[application/json],produces=[application/json]}" onto public org.springframework.http.ResponseEntity<java.lang.Object> eu.europa.ec.leos.annotate.controllers.UserApiController.updateUserPreferences(javax.servlet.http.HttpServletRequest,javax.servlet.http.HttpServletResponse,eu.europa.ec.leos.annotate.model.web.user.JsonUserPreferences) throws java.io.IOException,javax.servlet.ServletException
2022-01-31:10:45:37.125 Annotate [main] [] INFO  o.s.w.s.m.m.a.RequestMappingHandlerMapping - Mapped "{[/api/profile],methods=[GET],produces=[application/json]}" onto public org.springframework.http.ResponseEntity<java.lang.Object> eu.europa.ec.leos.annotate.controllers.UserApiController.getProfile(javax.servlet.http.HttpServletRequest,javax.servlet.http.HttpServletResponse,java.lang.String,java.lang.String) throws java.io.IOException,javax.servlet.ServletException
2022-01-31:10:45:37.127 Annotate [main] [] INFO  o.s.w.s.m.m.a.RequestMappingHandlerMapping - Mapped "{[/error]}" onto public org.springframework.http.ResponseEntity<java.util.Map<java.lang.String, java.lang.Object>> org.springframework.boot.autoconfigure.web.BasicErrorController.error(javax.servlet.http.HttpServletRequest)
2022-01-31:10:45:37.127 Annotate [main] [] INFO  o.s.w.s.m.m.a.RequestMappingHandlerMapping - Mapped "{[/error],produces=[text/html]}" onto public org.springframework.web.servlet.ModelAndView org.springframework.boot.autoconfigure.web.BasicErrorController.errorHtml(javax.servlet.http.HttpServletRequest,javax.servlet.http.HttpServletResponse)
2022-01-31:10:45:37.164 Annotate [main] [] INFO  o.s.w.s.h.SimpleUrlHandlerMapping - Mapped URL path [/client/**] onto handler of type [class org.springframework.web.servlet.resource.ResourceHttpRequestHandler]
2022-01-31:10:45:37.165 Annotate [main] [] INFO  o.s.w.s.h.SimpleUrlHandlerMapping - Mapped URL path [/webjars/**] onto handler of type [class org.springframework.web.servlet.resource.ResourceHttpRequestHandler]
2022-01-31:10:45:37.165 Annotate [main] [] INFO  o.s.w.s.h.SimpleUrlHandlerMapping - Mapped URL path [/**] onto handler of type [class org.springframework.web.servlet.resource.ResourceHttpRequestHandler]
2022-01-31:10:45:37.226 Annotate [main] [] INFO  o.s.w.s.h.SimpleUrlHandlerMapping - Mapped URL path [/**/favicon.ico] onto handler of type [class org.springframework.web.servlet.resource.ResourceHttpRequestHandler]
2022-01-31:10:45:37.508 Annotate [main] [] INFO  o.s.w.s.v.f.FreeMarkerConfigurer - ClassTemplateLoader for Spring macros added to FreeMarker configuration
2022-01-31:10:45:37.742 Annotate [main] [] INFO  o.s.j.e.a.AnnotationMBeanExporter - Registering beans for JMX exposure on startup
2022-01-31:10:45:37.752 Annotate [main] [] INFO  o.s.c.s.DefaultLifecycleProcessor - Starting beans in phase 2147483647
2022-01-31:10:45:37.769 Annotate [main] [] INFO  o.a.coyote.http11.Http11NioProtocol - Initializing ProtocolHandler ["http-nio-9099"]
2022-01-31:10:45:37.786 Annotate [main] [] INFO  o.a.coyote.http11.Http11NioProtocol - Starting ProtocolHandler ["http-nio-9099"]
2022-01-31:10:45:37.815 Annotate [main] [] INFO  o.a.tomcat.util.net.NioSelectorPool - Using a shared selector for servlet write/read
2022-01-31:10:45:37.841 Annotate [main] [] INFO  o.s.b.c.e.t.TomcatEmbeddedServletContainer - Tomcat started on port(s): 9099 (http)
2022-01-31:10:45:37.846 Annotate [main] [] INFO  e.e.ec.leos.annotate.Application - Started Application in 8.951 seconds (JVM running for 17.454)
