2022-01-27:11:06:10.033 Annotate [main] [] INFO  e.e.ec.leos.annotate.Application - Starting Application on LAPTOP-BDU9TSVS with PID 11408 (C:\Users\maria\eclipse-workspace\LeosWorkspace\LEOS\modules\annotate\server\target\classes started by maria in C:\Users\maria\eclipse-workspace\LeosWorkspace\LEOS\modules\annotate\server)
2022-01-27:11:06:10.036 Annotate [main] [] DEBUG e.e.ec.leos.annotate.Application - Running with Spring Boot v1.5.9.RELEASE, Spring v4.3.16.RELEASE
2022-01-27:11:06:10.036 Annotate [main] [] INFO  e.e.ec.leos.annotate.Application - The following profiles are active: h2
2022-01-27:11:06:10.085 Annotate [main] [] INFO  o.s.b.c.e.AnnotationConfigEmbeddedWebApplicationContext - Refreshing org.springframework.boot.context.embedded.AnnotationConfigEmbeddedWebApplicationContext@1dab8bd8: startup date [Thu Jan 27 11:06:10 CET 2022]; root of context hierarchy
2022-01-27:11:06:10.298 Annotate [background-preinit] [] INFO  o.h.validator.internal.util.Version - HV000001: Hibernate Validator 5.3.6.Final
2022-01-27:11:06:11.896 Annotate [main] [] INFO  o.s.b.c.e.t.TomcatEmbeddedServletContainer - Tomcat initialized with port(s): 9099 (http)
2022-01-27:11:06:11.910 Annotate [main] [] INFO  o.a.catalina.core.StandardService - Starting service [Tomcat]
2022-01-27:11:06:11.911 Annotate [main] [] INFO  o.a.catalina.core.StandardEngine - Starting Servlet Engine: Apache Tomcat/8.5.23
2022-01-27:11:06:12.012 Annotate [localhost-startStop-1] [] INFO  o.a.c.c.C.[.[localhost].[/annotate] - Initializing Spring embedded WebApplicationContext
2022-01-27:11:06:12.012 Annotate [localhost-startStop-1] [] INFO  o.s.web.context.ContextLoader - Root WebApplicationContext: initialization completed in 1927 ms
2022-01-27:11:06:12.206 Annotate [localhost-startStop-1] [] INFO  o.s.b.w.s.ServletRegistrationBean - Mapping servlet: 'dispatcherServlet' to [/]
2022-01-27:11:06:12.207 Annotate [localhost-startStop-1] [] INFO  o.s.b.w.s.ServletRegistrationBean - Mapping servlet: 'webServlet' to [/h2-console/*]
2022-01-27:11:06:12.209 Annotate [localhost-startStop-1] [] INFO  o.s.b.w.s.FilterRegistrationBean - Mapping filter: 'characterEncodingFilter' to: [/*]
2022-01-27:11:06:12.210 Annotate [localhost-startStop-1] [] INFO  o.s.b.w.s.FilterRegistrationBean - Mapping filter: 'hiddenHttpMethodFilter' to: [/*]
2022-01-27:11:06:12.210 Annotate [localhost-startStop-1] [] INFO  o.s.b.w.s.FilterRegistrationBean - Mapping filter: 'httpPutFormContentFilter' to: [/*]
2022-01-27:11:06:12.210 Annotate [localhost-startStop-1] [] INFO  o.s.b.w.s.FilterRegistrationBean - Mapping filter: 'requestContextFilter' to: [/*]
2022-01-27:11:06:12.512 Annotate [main] [] INFO  o.s.jdbc.datasource.init.ScriptUtils - Executing SQL script from URL [file:/C:/Users/maria/eclipse-workspace/LeosWorkspace/LEOS/modules/annotate/server/target/classes/schema-h2.sql]
2022-01-27:11:06:12.593 Annotate [main] [] INFO  o.s.jdbc.datasource.init.ScriptUtils - Executed SQL script from URL [file:/C:/Users/maria/eclipse-workspace/LeosWorkspace/LEOS/modules/annotate/server/target/classes/schema-h2.sql] in 81 ms.
2022-01-27:11:06:12.596 Annotate [main] [] INFO  o.s.jdbc.datasource.init.ScriptUtils - Executing SQL script from URL [file:/C:/Users/maria/eclipse-workspace/LeosWorkspace/LEOS/modules/annotate/server/target/classes/data-h2.sql]
2022-01-27:11:06:12.602 Annotate [main] [] INFO  o.s.jdbc.datasource.init.ScriptUtils - Executed SQL script from URL [file:/C:/Users/maria/eclipse-workspace/LeosWorkspace/LEOS/modules/annotate/server/target/classes/data-h2.sql] in 5 ms.
2022-01-27:11:06:12.777 Annotate [main] [] INFO  o.s.o.j.LocalContainerEntityManagerFactoryBean - Building JPA container EntityManagerFactory for persistence unit 'default'
2022-01-27:11:06:12.799 Annotate [main] [] INFO  o.h.jpa.internal.util.LogHelper - HHH000204: Processing PersistenceUnitInfo [
	name: default
	...]
2022-01-27:11:06:12.878 Annotate [main] [] INFO  org.hibernate.Version - HHH000412: Hibernate Core {5.0.12.Final}
2022-01-27:11:06:13.043 Annotate [main] [] INFO  org.hibernate.cfg.Environment - HHH000206: hibernate.properties not found
2022-01-27:11:06:13.046 Annotate [main] [] INFO  org.hibernate.cfg.Environment - HHH000021: Bytecode provider name : javassist
2022-01-27:11:06:13.085 Annotate [main] [] INFO  o.h.annotations.common.Version - HCANN000001: Hibernate Commons Annotations {5.0.1.Final}
2022-01-27:11:06:13.232 Annotate [main] [] INFO  org.hibernate.dialect.Dialect - HHH000400: Using dialect: org.hibernate.dialect.H2Dialect
2022-01-27:11:06:13.698 Annotate [main] [] INFO  o.s.o.j.LocalContainerEntityManagerFactoryBean - Initialized JPA EntityManagerFactory for persistence unit 'default'
2022-01-27:11:06:14.160 Annotate [main] [] INFO  o.h.h.i.QueryTranslatorFactoryInitiator - HHH000397: Using ASTQueryTranslatorFactory
2022-01-27:11:06:14.345 Annotate [main] [] INFO  e.e.e.l.a.s.impl.UserServiceImpl - No specific timeout configured for UD repo access; use default
2022-01-27:11:06:14.475 Annotate [main] [] INFO  o.s.s.c.ThreadPoolTaskExecutor - Initializing ExecutorService 
2022-01-27:11:06:14.697 Annotate [main] [] INFO  o.s.s.c.ThreadPoolTaskScheduler - Initializing ExecutorService  'defaultSockJsTaskScheduler'
2022-01-27:11:06:14.720 Annotate [main] [] INFO  o.s.w.s.s.s.WebSocketHandlerMapping - Mapped URL path [/ws] onto handler of type [class org.springframework.web.socket.server.support.WebSocketHttpRequestHandler]
2022-01-27:11:06:15.018 Annotate [main] [] INFO  o.s.w.s.m.m.a.RequestMappingHandlerAdapter - Looking for @ControllerAdvice: org.springframework.boot.context.embedded.AnnotationConfigEmbeddedWebApplicationContext@1dab8bd8: startup date [Thu Jan 27 11:06:10 CET 2022]; root of context hierarchy
2022-01-27:11:06:15.102 Annotate [main] [] INFO  o.s.w.s.m.m.a.RequestMappingHandlerMapping - Mapped "{[/api/annotations],methods=[POST],consumes=[application/json],produces=[application/json]}" onto public org.springframework.http.ResponseEntity<java.lang.Object> eu.europa.ec.leos.annotate.controllers.AnnotationApiController.addAnnotation(javax.servlet.http.HttpServletRequest,javax.servlet.http.HttpServletResponse,java.lang.String,eu.europa.ec.leos.annotate.model.web.annotation.JsonAnnotation) throws java.io.IOException,javax.servlet.ServletException
2022-01-27:11:06:15.103 Annotate [main] [] INFO  o.s.w.s.m.m.a.RequestMappingHandlerMapping - Mapped "{[/api/annotations/{id}],methods=[DELETE],produces=[application/json]}" onto public org.springframework.http.ResponseEntity<java.lang.Object> eu.europa.ec.leos.annotate.controllers.AnnotationApiController.deleteAnnotation(javax.servlet.http.HttpServletRequest,javax.servlet.http.HttpServletResponse,java.lang.String) throws java.io.IOException,javax.servlet.ServletException
2022-01-27:11:06:15.103 Annotate [main] [] INFO  o.s.w.s.m.m.a.RequestMappingHandlerMapping - Mapped "{[/api/count],methods=[GET],produces=[application/json]}" onto public org.springframework.http.ResponseEntity<java.lang.Object> eu.europa.ec.leos.annotate.controllers.AnnotationApiController.countAnnotations(javax.servlet.http.HttpServletRequest,javax.servlet.http.HttpServletResponse,eu.europa.ec.leos.annotate.model.search.AnnotationSearchCountOptions) throws java.io.IOException,javax.servlet.ServletException
2022-01-27:11:06:15.104 Annotate [main] [] INFO  o.s.w.s.m.m.a.RequestMappingHandlerMapping - Mapped "{[/api/annotations/{id}],methods=[PATCH],consumes=[application/json],produces=[application/json]}" onto public org.springframework.http.ResponseEntity<java.lang.Object> eu.europa.ec.leos.annotate.controllers.AnnotationApiController.updateAnnotation(javax.servlet.http.HttpServletRequest,javax.servlet.http.HttpServletResponse,java.lang.String,java.lang.String,eu.europa.ec.leos.annotate.model.web.annotation.JsonAnnotation) throws java.io.IOException,javax.servlet.ServletException
2022-01-27:11:06:15.104 Annotate [main] [] INFO  o.s.w.s.m.m.a.RequestMappingHandlerMapping - Mapped "{[/api/annotations],methods=[DELETE],consumes=[application/json],produces=[application/json]}" onto public org.springframework.http.ResponseEntity<java.lang.Object> eu.europa.ec.leos.annotate.controllers.AnnotationApiController.bulkDeleteAnnotations(javax.servlet.http.HttpServletRequest,javax.servlet.http.HttpServletResponse,eu.europa.ec.leos.annotate.model.web.annotation.JsonIdList) throws java.io.IOException,javax.servlet.ServletException
2022-01-27:11:06:15.104 Annotate [main] [] INFO  o.s.w.s.m.m.a.RequestMappingHandlerMapping - Mapped "{[/api/search],methods=[GET],produces=[application/json]}" onto public org.springframework.http.ResponseEntity<java.lang.Object> eu.europa.ec.leos.annotate.controllers.AnnotationApiController.searchAnnotations(javax.servlet.http.HttpServletRequest,javax.servlet.http.HttpServletResponse,boolean,eu.europa.ec.leos.annotate.model.web.IncomingSearchOptions) throws java.io.IOException,javax.servlet.ServletException
2022-01-27:11:06:15.105 Annotate [main] [] INFO  o.s.w.s.m.m.a.RequestMappingHandlerMapping - Mapped "{[/api/annotations/{id}],methods=[GET],produces=[application/json]}" onto public org.springframework.http.ResponseEntity<java.lang.Object> eu.europa.ec.leos.annotate.controllers.AnnotationApiController.getAnnotation(javax.servlet.http.HttpServletRequest,javax.servlet.http.HttpServletResponse,java.lang.String) throws java.io.IOException,javax.servlet.ServletException
2022-01-27:11:06:15.105 Annotate [main] [] INFO  o.s.w.s.m.m.a.RequestMappingHandlerMapping - Mapped "{[/app.html],produces=[text/html]}" onto public org.springframework.web.servlet.ModelAndView eu.europa.ec.leos.annotate.controllers.AppController.getAppHtml(javax.servlet.http.HttpServletRequest,javax.servlet.http.HttpServletResponse) throws java.lang.Exception
2022-01-27:11:06:15.106 Annotate [main] [] INFO  o.s.w.s.m.m.a.RequestMappingHandlerMapping - Mapped "{[/api/token],produces=[application/json]}" onto public org.springframework.http.ResponseEntity<java.lang.Object> eu.europa.ec.leos.annotate.controllers.AuthApiController.getToken(javax.servlet.http.HttpServletRequest,javax.servlet.http.HttpServletResponse) throws javax.servlet.ServletException
2022-01-27:11:06:15.106 Annotate [main] [] INFO  o.s.w.s.m.m.a.RequestMappingHandlerMapping - Mapped "{[/api/groups],methods=[GET],produces=[application/json]}" onto public org.springframework.http.ResponseEntity<java.lang.Object> eu.europa.ec.leos.annotate.controllers.GroupApiController.getGroups(javax.servlet.http.HttpServletRequest,javax.servlet.http.HttpServletResponse,java.lang.String,java.lang.String,java.lang.String) throws java.io.IOException,javax.servlet.ServletException
2022-01-27:11:06:15.107 Annotate [main] [] INFO  o.s.w.s.m.m.a.RequestMappingHandlerMapping - Mapped "{[/api/links],produces=[application/json]}" onto public java.lang.String eu.europa.ec.leos.annotate.controllers.StaticApiController.getLinks(javax.servlet.http.HttpServletRequest,javax.servlet.http.HttpServletResponse) throws java.io.IOException,javax.servlet.ServletException
2022-01-27:11:06:15.107 Annotate [main] [] INFO  o.s.w.s.m.m.a.RequestMappingHandlerMapping - Mapped "{[/api/],methods=[GET],produces=[application/json]}" onto public java.lang.String eu.europa.ec.leos.annotate.controllers.StaticApiController.getApi(javax.servlet.http.HttpServletRequest,javax.servlet.http.HttpServletResponse) throws java.io.IOException,javax.servlet.ServletException
2022-01-27:11:06:15.107 Annotate [main] [] INFO  o.s.w.s.m.m.a.RequestMappingHandlerMapping - Mapped "{[/api/publishContrib],methods=[POST],produces=[application/json]}" onto public org.springframework.http.ResponseEntity<java.lang.Object> eu.europa.ec.leos.annotate.controllers.StatusApiController.publishContributions(javax.servlet.http.HttpServletRequest,javax.servlet.http.HttpServletResponse,eu.europa.ec.leos.annotate.model.web.PublishContributionsRequest) throws java.io.IOException,javax.servlet.ServletException
2022-01-27:11:06:15.108 Annotate [main] [] INFO  o.s.w.s.m.m.a.RequestMappingHandlerMapping - Mapped "{[/api/changeStatus],methods=[POST],produces=[application/json]}" onto public org.springframework.http.ResponseEntity<java.lang.Object> eu.europa.ec.leos.annotate.controllers.StatusApiController.updateAnnotationStatus(javax.servlet.http.HttpServletRequest,javax.servlet.http.HttpServletResponse,eu.europa.ec.leos.annotate.model.web.StatusUpdateRequest,eu.europa.ec.leos.annotate.model.SimpleMetadata) throws java.io.IOException,javax.servlet.ServletException
2022-01-27:11:06:15.109 Annotate [main] [] INFO  o.s.w.s.m.m.a.RequestMappingHandlerMapping - Mapped "{[/api/annotations/{id}/accept],methods=[DELETE],produces=[application/json]}" onto public org.springframework.http.ResponseEntity<java.lang.Object> eu.europa.ec.leos.annotate.controllers.SuggestionApiController.acceptSuggestion(javax.servlet.http.HttpServletRequest,javax.servlet.http.HttpServletResponse,java.lang.String) throws java.io.IOException,javax.servlet.ServletException
2022-01-27:11:06:15.110 Annotate [main] [] INFO  o.s.w.s.m.m.a.RequestMappingHandlerMapping - Mapped "{[/api/annotations/{id}/reject],methods=[DELETE],produces=[application/json]}" onto public org.springframework.http.ResponseEntity<java.lang.Object> eu.europa.ec.leos.annotate.controllers.SuggestionApiController.rejectSuggestion(javax.servlet.http.HttpServletRequest,javax.servlet.http.HttpServletResponse,java.lang.String) throws java.io.IOException,javax.servlet.ServletException
2022-01-27:11:06:15.110 Annotate [main] [] INFO  o.s.w.s.m.m.a.RequestMappingHandlerMapping - Mapped "{[/api/profile],methods=[PATCH],consumes=[application/json],produces=[application/json]}" onto public org.springframework.http.ResponseEntity<java.lang.Object> eu.europa.ec.leos.annotate.controllers.UserApiController.updateUserPreferences(javax.servlet.http.HttpServletRequest,javax.servlet.http.HttpServletResponse,eu.europa.ec.leos.annotate.model.web.user.JsonUserPreferences) throws java.io.IOException,javax.servlet.ServletException
2022-01-27:11:06:15.110 Annotate [main] [] INFO  o.s.w.s.m.m.a.RequestMappingHandlerMapping - Mapped "{[/api/profile],methods=[GET],produces=[application/json]}" onto public org.springframework.http.ResponseEntity<java.lang.Object> eu.europa.ec.leos.annotate.controllers.UserApiController.getProfile(javax.servlet.http.HttpServletRequest,javax.servlet.http.HttpServletResponse,java.lang.String,java.lang.String) throws java.io.IOException,javax.servlet.ServletException
2022-01-27:11:06:15.112 Annotate [main] [] INFO  o.s.w.s.m.m.a.RequestMappingHandlerMapping - Mapped "{[/error],produces=[text/html]}" onto public org.springframework.web.servlet.ModelAndView org.springframework.boot.autoconfigure.web.BasicErrorController.errorHtml(javax.servlet.http.HttpServletRequest,javax.servlet.http.HttpServletResponse)
2022-01-27:11:06:15.113 Annotate [main] [] INFO  o.s.w.s.m.m.a.RequestMappingHandlerMapping - Mapped "{[/error]}" onto public org.springframework.http.ResponseEntity<java.util.Map<java.lang.String, java.lang.Object>> org.springframework.boot.autoconfigure.web.BasicErrorController.error(javax.servlet.http.HttpServletRequest)
2022-01-27:11:06:15.142 Annotate [main] [] INFO  o.s.w.s.h.SimpleUrlHandlerMapping - Mapped URL path [/client/**] onto handler of type [class org.springframework.web.servlet.resource.ResourceHttpRequestHandler]
2022-01-27:11:06:15.142 Annotate [main] [] INFO  o.s.w.s.h.SimpleUrlHandlerMapping - Mapped URL path [/webjars/**] onto handler of type [class org.springframework.web.servlet.resource.ResourceHttpRequestHandler]
2022-01-27:11:06:15.142 Annotate [main] [] INFO  o.s.w.s.h.SimpleUrlHandlerMapping - Mapped URL path [/**] onto handler of type [class org.springframework.web.servlet.resource.ResourceHttpRequestHandler]
2022-01-27:11:06:15.175 Annotate [main] [] INFO  o.s.w.s.h.SimpleUrlHandlerMapping - Mapped URL path [/**/favicon.ico] onto handler of type [class org.springframework.web.servlet.resource.ResourceHttpRequestHandler]
2022-01-27:11:06:15.373 Annotate [main] [] INFO  o.s.w.s.v.f.FreeMarkerConfigurer - ClassTemplateLoader for Spring macros added to FreeMarker configuration
2022-01-27:11:06:15.552 Annotate [main] [] INFO  o.s.j.e.a.AnnotationMBeanExporter - Registering beans for JMX exposure on startup
2022-01-27:11:06:15.561 Annotate [main] [] INFO  o.s.c.s.DefaultLifecycleProcessor - Starting beans in phase 2147483647
2022-01-27:11:06:15.576 Annotate [main] [] INFO  o.a.coyote.http11.Http11NioProtocol - Initializing ProtocolHandler ["http-nio-9099"]
2022-01-27:11:06:15.587 Annotate [main] [] INFO  o.a.coyote.http11.Http11NioProtocol - Starting ProtocolHandler ["http-nio-9099"]
2022-01-27:11:06:15.602 Annotate [main] [] INFO  o.a.tomcat.util.net.NioSelectorPool - Using a shared selector for servlet write/read
2022-01-27:11:06:15.621 Annotate [main] [] INFO  o.s.b.c.e.t.TomcatEmbeddedServletContainer - Tomcat started on port(s): 9099 (http)
2022-01-27:11:06:15.624 Annotate [main] [] INFO  e.e.ec.leos.annotate.Application - Started Application in 5.947 seconds (JVM running for 11.521)
2022-01-27:11:36:08.509 Annotate [main] [] INFO  e.e.ec.leos.annotate.Application - Starting Application on LAPTOP-BDU9TSVS with PID 11916 (C:\Users\maria\eclipse-workspace\LeosWorkspace\LEOS\modules\annotate\server\target\classes started by maria in C:\Users\maria\eclipse-workspace\LeosWorkspace\LEOS\modules\annotate\server)
2022-01-27:11:36:08.512 Annotate [main] [] DEBUG e.e.ec.leos.annotate.Application - Running with Spring Boot v1.5.9.RELEASE, Spring v4.3.16.RELEASE
2022-01-27:11:36:08.512 Annotate [main] [] INFO  e.e.ec.leos.annotate.Application - The following profiles are active: h2
2022-01-27:11:36:08.557 Annotate [main] [] INFO  o.s.b.c.e.AnnotationConfigEmbeddedWebApplicationContext - Refreshing org.springframework.boot.context.embedded.AnnotationConfigEmbeddedWebApplicationContext@673ab336: startup date [Thu Jan 27 11:36:08 CET 2022]; root of context hierarchy
2022-01-27:11:36:08.722 Annotate [background-preinit] [] INFO  o.h.validator.internal.util.Version - HV000001: Hibernate Validator 5.3.6.Final
2022-01-27:11:36:10.416 Annotate [main] [] INFO  o.s.b.c.e.t.TomcatEmbeddedServletContainer - Tomcat initialized with port(s): 9099 (http)
2022-01-27:11:36:10.427 Annotate [main] [] INFO  o.a.catalina.core.StandardService - Starting service [Tomcat]
2022-01-27:11:36:10.428 Annotate [main] [] INFO  o.a.catalina.core.StandardEngine - Starting Servlet Engine: Apache Tomcat/8.5.23
2022-01-27:11:36:10.502 Annotate [localhost-startStop-1] [] INFO  o.a.c.c.C.[.[localhost].[/annotate] - Initializing Spring embedded WebApplicationContext
2022-01-27:11:36:10.502 Annotate [localhost-startStop-1] [] INFO  o.s.web.context.ContextLoader - Root WebApplicationContext: initialization completed in 1945 ms
2022-01-27:11:36:10.684 Annotate [localhost-startStop-1] [] INFO  o.s.b.w.s.ServletRegistrationBean - Mapping servlet: 'dispatcherServlet' to [/]
2022-01-27:11:36:10.686 Annotate [localhost-startStop-1] [] INFO  o.s.b.w.s.ServletRegistrationBean - Mapping servlet: 'webServlet' to [/h2-console/*]
2022-01-27:11:36:10.689 Annotate [localhost-startStop-1] [] INFO  o.s.b.w.s.FilterRegistrationBean - Mapping filter: 'characterEncodingFilter' to: [/*]
2022-01-27:11:36:10.690 Annotate [localhost-startStop-1] [] INFO  o.s.b.w.s.FilterRegistrationBean - Mapping filter: 'hiddenHttpMethodFilter' to: [/*]
2022-01-27:11:36:10.690 Annotate [localhost-startStop-1] [] INFO  o.s.b.w.s.FilterRegistrationBean - Mapping filter: 'httpPutFormContentFilter' to: [/*]
2022-01-27:11:36:10.690 Annotate [localhost-startStop-1] [] INFO  o.s.b.w.s.FilterRegistrationBean - Mapping filter: 'requestContextFilter' to: [/*]
2022-01-27:11:36:11.009 Annotate [main] [] INFO  o.s.jdbc.datasource.init.ScriptUtils - Executing SQL script from URL [file:/C:/Users/maria/eclipse-workspace/LeosWorkspace/LEOS/modules/annotate/server/target/classes/schema-h2.sql]
2022-01-27:11:36:11.081 Annotate [main] [] INFO  o.s.jdbc.datasource.init.ScriptUtils - Executed SQL script from URL [file:/C:/Users/maria/eclipse-workspace/LeosWorkspace/LEOS/modules/annotate/server/target/classes/schema-h2.sql] in 72 ms.
2022-01-27:11:36:11.085 Annotate [main] [] INFO  o.s.jdbc.datasource.init.ScriptUtils - Executing SQL script from URL [file:/C:/Users/maria/eclipse-workspace/LeosWorkspace/LEOS/modules/annotate/server/target/classes/data-h2.sql]
2022-01-27:11:36:11.089 Annotate [main] [] INFO  o.s.jdbc.datasource.init.ScriptUtils - Executed SQL script from URL [file:/C:/Users/maria/eclipse-workspace/LeosWorkspace/LEOS/modules/annotate/server/target/classes/data-h2.sql] in 4 ms.
2022-01-27:11:36:11.249 Annotate [main] [] INFO  o.s.o.j.LocalContainerEntityManagerFactoryBean - Building JPA container EntityManagerFactory for persistence unit 'default'
2022-01-27:11:36:11.262 Annotate [main] [] INFO  o.h.jpa.internal.util.LogHelper - HHH000204: Processing PersistenceUnitInfo [
	name: default
	...]
2022-01-27:11:36:11.452 Annotate [main] [] INFO  org.hibernate.Version - HHH000412: Hibernate Core {5.0.12.Final}
2022-01-27:11:36:11.454 Annotate [main] [] INFO  org.hibernate.cfg.Environment - HHH000206: hibernate.properties not found
2022-01-27:11:36:11.455 Annotate [main] [] INFO  org.hibernate.cfg.Environment - HHH000021: Bytecode provider name : javassist
2022-01-27:11:36:11.494 Annotate [main] [] INFO  o.h.annotations.common.Version - HCANN000001: Hibernate Commons Annotations {5.0.1.Final}
2022-01-27:11:36:11.655 Annotate [main] [] INFO  org.hibernate.dialect.Dialect - HHH000400: Using dialect: org.hibernate.dialect.H2Dialect
2022-01-27:11:36:12.099 Annotate [main] [] INFO  o.s.o.j.LocalContainerEntityManagerFactoryBean - Initialized JPA EntityManagerFactory for persistence unit 'default'
2022-01-27:11:36:12.522 Annotate [main] [] INFO  o.h.h.i.QueryTranslatorFactoryInitiator - HHH000397: Using ASTQueryTranslatorFactory
2022-01-27:11:36:12.687 Annotate [main] [] INFO  e.e.e.l.a.s.impl.UserServiceImpl - No specific timeout configured for UD repo access; use default
2022-01-27:11:36:12.812 Annotate [main] [] INFO  o.s.s.c.ThreadPoolTaskExecutor - Initializing ExecutorService 
2022-01-27:11:36:13.039 Annotate [main] [] INFO  o.s.s.c.ThreadPoolTaskScheduler - Initializing ExecutorService  'defaultSockJsTaskScheduler'
2022-01-27:11:36:13.061 Annotate [main] [] INFO  o.s.w.s.s.s.WebSocketHandlerMapping - Mapped URL path [/ws] onto handler of type [class org.springframework.web.socket.server.support.WebSocketHttpRequestHandler]
2022-01-27:11:36:13.295 Annotate [main] [] INFO  o.s.w.s.m.m.a.RequestMappingHandlerAdapter - Looking for @ControllerAdvice: org.springframework.boot.context.embedded.AnnotationConfigEmbeddedWebApplicationContext@673ab336: startup date [Thu Jan 27 11:36:08 CET 2022]; root of context hierarchy
2022-01-27:11:36:13.380 Annotate [main] [] INFO  o.s.w.s.m.m.a.RequestMappingHandlerMapping - Mapped "{[/api/annotations/{id}],methods=[PATCH],consumes=[application/json],produces=[application/json]}" onto public org.springframework.http.ResponseEntity<java.lang.Object> eu.europa.ec.leos.annotate.controllers.AnnotationApiController.updateAnnotation(javax.servlet.http.HttpServletRequest,javax.servlet.http.HttpServletResponse,java.lang.String,java.lang.String,eu.europa.ec.leos.annotate.model.web.annotation.JsonAnnotation) throws java.io.IOException,javax.servlet.ServletException
2022-01-27:11:36:13.381 Annotate [main] [] INFO  o.s.w.s.m.m.a.RequestMappingHandlerMapping - Mapped "{[/api/annotations],methods=[POST],consumes=[application/json],produces=[application/json]}" onto public org.springframework.http.ResponseEntity<java.lang.Object> eu.europa.ec.leos.annotate.controllers.AnnotationApiController.addAnnotation(javax.servlet.http.HttpServletRequest,javax.servlet.http.HttpServletResponse,java.lang.String,eu.europa.ec.leos.annotate.model.web.annotation.JsonAnnotation) throws java.io.IOException,javax.servlet.ServletException
2022-01-27:11:36:13.381 Annotate [main] [] INFO  o.s.w.s.m.m.a.RequestMappingHandlerMapping - Mapped "{[/api/count],methods=[GET],produces=[application/json]}" onto public org.springframework.http.ResponseEntity<java.lang.Object> eu.europa.ec.leos.annotate.controllers.AnnotationApiController.countAnnotations(javax.servlet.http.HttpServletRequest,javax.servlet.http.HttpServletResponse,eu.europa.ec.leos.annotate.model.search.AnnotationSearchCountOptions) throws java.io.IOException,javax.servlet.ServletException
2022-01-27:11:36:13.382 Annotate [main] [] INFO  o.s.w.s.m.m.a.RequestMappingHandlerMapping - Mapped "{[/api/annotations/{id}],methods=[DELETE],produces=[application/json]}" onto public org.springframework.http.ResponseEntity<java.lang.Object> eu.europa.ec.leos.annotate.controllers.AnnotationApiController.deleteAnnotation(javax.servlet.http.HttpServletRequest,javax.servlet.http.HttpServletResponse,java.lang.String) throws java.io.IOException,javax.servlet.ServletException
2022-01-27:11:36:13.382 Annotate [main] [] INFO  o.s.w.s.m.m.a.RequestMappingHandlerMapping - Mapped "{[/api/annotations],methods=[DELETE],consumes=[application/json],produces=[application/json]}" onto public org.springframework.http.ResponseEntity<java.lang.Object> eu.europa.ec.leos.annotate.controllers.AnnotationApiController.bulkDeleteAnnotations(javax.servlet.http.HttpServletRequest,javax.servlet.http.HttpServletResponse,eu.europa.ec.leos.annotate.model.web.annotation.JsonIdList) throws java.io.IOException,javax.servlet.ServletException
2022-01-27:11:36:13.383 Annotate [main] [] INFO  o.s.w.s.m.m.a.RequestMappingHandlerMapping - Mapped "{[/api/search],methods=[GET],produces=[application/json]}" onto public org.springframework.http.ResponseEntity<java.lang.Object> eu.europa.ec.leos.annotate.controllers.AnnotationApiController.searchAnnotations(javax.servlet.http.HttpServletRequest,javax.servlet.http.HttpServletResponse,boolean,eu.europa.ec.leos.annotate.model.web.IncomingSearchOptions) throws java.io.IOException,javax.servlet.ServletException
2022-01-27:11:36:13.384 Annotate [main] [] INFO  o.s.w.s.m.m.a.RequestMappingHandlerMapping - Mapped "{[/api/annotations/{id}],methods=[GET],produces=[application/json]}" onto public org.springframework.http.ResponseEntity<java.lang.Object> eu.europa.ec.leos.annotate.controllers.AnnotationApiController.getAnnotation(javax.servlet.http.HttpServletRequest,javax.servlet.http.HttpServletResponse,java.lang.String) throws java.io.IOException,javax.servlet.ServletException
2022-01-27:11:36:13.386 Annotate [main] [] INFO  o.s.w.s.m.m.a.RequestMappingHandlerMapping - Mapped "{[/app.html],produces=[text/html]}" onto public org.springframework.web.servlet.ModelAndView eu.europa.ec.leos.annotate.controllers.AppController.getAppHtml(javax.servlet.http.HttpServletRequest,javax.servlet.http.HttpServletResponse) throws java.lang.Exception
2022-01-27:11:36:13.386 Annotate [main] [] INFO  o.s.w.s.m.m.a.RequestMappingHandlerMapping - Mapped "{[/api/token],produces=[application/json]}" onto public org.springframework.http.ResponseEntity<java.lang.Object> eu.europa.ec.leos.annotate.controllers.AuthApiController.getToken(javax.servlet.http.HttpServletRequest,javax.servlet.http.HttpServletResponse) throws javax.servlet.ServletException
2022-01-27:11:36:13.386 Annotate [main] [] INFO  o.s.w.s.m.m.a.RequestMappingHandlerMapping - Mapped "{[/api/groups],methods=[GET],produces=[application/json]}" onto public org.springframework.http.ResponseEntity<java.lang.Object> eu.europa.ec.leos.annotate.controllers.GroupApiController.getGroups(javax.servlet.http.HttpServletRequest,javax.servlet.http.HttpServletResponse,java.lang.String,java.lang.String,java.lang.String) throws java.io.IOException,javax.servlet.ServletException
2022-01-27:11:36:13.387 Annotate [main] [] INFO  o.s.w.s.m.m.a.RequestMappingHandlerMapping - Mapped "{[/api/links],produces=[application/json]}" onto public java.lang.String eu.europa.ec.leos.annotate.controllers.StaticApiController.getLinks(javax.servlet.http.HttpServletRequest,javax.servlet.http.HttpServletResponse) throws java.io.IOException,javax.servlet.ServletException
2022-01-27:11:36:13.387 Annotate [main] [] INFO  o.s.w.s.m.m.a.RequestMappingHandlerMapping - Mapped "{[/api/],methods=[GET],produces=[application/json]}" onto public java.lang.String eu.europa.ec.leos.annotate.controllers.StaticApiController.getApi(javax.servlet.http.HttpServletRequest,javax.servlet.http.HttpServletResponse) throws java.io.IOException,javax.servlet.ServletException
2022-01-27:11:36:13.388 Annotate [main] [] INFO  o.s.w.s.m.m.a.RequestMappingHandlerMapping - Mapped "{[/api/publishContrib],methods=[POST],produces=[application/json]}" onto public org.springframework.http.ResponseEntity<java.lang.Object> eu.europa.ec.leos.annotate.controllers.StatusApiController.publishContributions(javax.servlet.http.HttpServletRequest,javax.servlet.http.HttpServletResponse,eu.europa.ec.leos.annotate.model.web.PublishContributionsRequest) throws java.io.IOException,javax.servlet.ServletException
2022-01-27:11:36:13.388 Annotate [main] [] INFO  o.s.w.s.m.m.a.RequestMappingHandlerMapping - Mapped "{[/api/changeStatus],methods=[POST],produces=[application/json]}" onto public org.springframework.http.ResponseEntity<java.lang.Object> eu.europa.ec.leos.annotate.controllers.StatusApiController.updateAnnotationStatus(javax.servlet.http.HttpServletRequest,javax.servlet.http.HttpServletResponse,eu.europa.ec.leos.annotate.model.web.StatusUpdateRequest,eu.europa.ec.leos.annotate.model.SimpleMetadata) throws java.io.IOException,javax.servlet.ServletException
2022-01-27:11:36:13.391 Annotate [main] [] INFO  o.s.w.s.m.m.a.RequestMappingHandlerMapping - Mapped "{[/api/annotations/{id}/accept],methods=[DELETE],produces=[application/json]}" onto public org.springframework.http.ResponseEntity<java.lang.Object> eu.europa.ec.leos.annotate.controllers.SuggestionApiController.acceptSuggestion(javax.servlet.http.HttpServletRequest,javax.servlet.http.HttpServletResponse,java.lang.String) throws java.io.IOException,javax.servlet.ServletException
2022-01-27:11:36:13.392 Annotate [main] [] INFO  o.s.w.s.m.m.a.RequestMappingHandlerMapping - Mapped "{[/api/annotations/{id}/reject],methods=[DELETE],produces=[application/json]}" onto public org.springframework.http.ResponseEntity<java.lang.Object> eu.europa.ec.leos.annotate.controllers.SuggestionApiController.rejectSuggestion(javax.servlet.http.HttpServletRequest,javax.servlet.http.HttpServletResponse,java.lang.String) throws java.io.IOException,javax.servlet.ServletException
2022-01-27:11:36:13.393 Annotate [main] [] INFO  o.s.w.s.m.m.a.RequestMappingHandlerMapping - Mapped "{[/api/profile],methods=[GET],produces=[application/json]}" onto public org.springframework.http.ResponseEntity<java.lang.Object> eu.europa.ec.leos.annotate.controllers.UserApiController.getProfile(javax.servlet.http.HttpServletRequest,javax.servlet.http.HttpServletResponse,java.lang.String,java.lang.String) throws java.io.IOException,javax.servlet.ServletException
2022-01-27:11:36:13.394 Annotate [main] [] INFO  o.s.w.s.m.m.a.RequestMappingHandlerMapping - Mapped "{[/api/profile],methods=[PATCH],consumes=[application/json],produces=[application/json]}" onto public org.springframework.http.ResponseEntity<java.lang.Object> eu.europa.ec.leos.annotate.controllers.UserApiController.updateUserPreferences(javax.servlet.http.HttpServletRequest,javax.servlet.http.HttpServletResponse,eu.europa.ec.leos.annotate.model.web.user.JsonUserPreferences) throws java.io.IOException,javax.servlet.ServletException
2022-01-27:11:36:13.396 Annotate [main] [] INFO  o.s.w.s.m.m.a.RequestMappingHandlerMapping - Mapped "{[/error],produces=[text/html]}" onto public org.springframework.web.servlet.ModelAndView org.springframework.boot.autoconfigure.web.BasicErrorController.errorHtml(javax.servlet.http.HttpServletRequest,javax.servlet.http.HttpServletResponse)
2022-01-27:11:36:13.397 Annotate [main] [] INFO  o.s.w.s.m.m.a.RequestMappingHandlerMapping - Mapped "{[/error]}" onto public org.springframework.http.ResponseEntity<java.util.Map<java.lang.String, java.lang.Object>> org.springframework.boot.autoconfigure.web.BasicErrorController.error(javax.servlet.http.HttpServletRequest)
2022-01-27:11:36:13.434 Annotate [main] [] INFO  o.s.w.s.h.SimpleUrlHandlerMapping - Mapped URL path [/client/**] onto handler of type [class org.springframework.web.servlet.resource.ResourceHttpRequestHandler]
2022-01-27:11:36:13.434 Annotate [main] [] INFO  o.s.w.s.h.SimpleUrlHandlerMapping - Mapped URL path [/webjars/**] onto handler of type [class org.springframework.web.servlet.resource.ResourceHttpRequestHandler]
2022-01-27:11:36:13.434 Annotate [main] [] INFO  o.s.w.s.h.SimpleUrlHandlerMapping - Mapped URL path [/**] onto handler of type [class org.springframework.web.servlet.resource.ResourceHttpRequestHandler]
2022-01-27:11:36:13.467 Annotate [main] [] INFO  o.s.w.s.h.SimpleUrlHandlerMapping - Mapped URL path [/**/favicon.ico] onto handler of type [class org.springframework.web.servlet.resource.ResourceHttpRequestHandler]
2022-01-27:11:36:13.645 Annotate [main] [] INFO  o.s.w.s.v.f.FreeMarkerConfigurer - ClassTemplateLoader for Spring macros added to FreeMarker configuration
2022-01-27:11:36:13.796 Annotate [main] [] INFO  o.s.j.e.a.AnnotationMBeanExporter - Registering beans for JMX exposure on startup
2022-01-27:11:36:13.802 Annotate [main] [] INFO  o.s.c.s.DefaultLifecycleProcessor - Starting beans in phase 2147483647
2022-01-27:11:36:13.817 Annotate [main] [] INFO  o.a.coyote.http11.Http11NioProtocol - Initializing ProtocolHandler ["http-nio-9099"]
2022-01-27:11:36:13.829 Annotate [main] [] INFO  o.a.coyote.http11.Http11NioProtocol - Starting ProtocolHandler ["http-nio-9099"]
2022-01-27:11:36:13.843 Annotate [main] [] INFO  o.a.tomcat.util.net.NioSelectorPool - Using a shared selector for servlet write/read
2022-01-27:11:36:13.864 Annotate [main] [] INFO  o.s.b.c.e.t.TomcatEmbeddedServletContainer - Tomcat started on port(s): 9099 (http)
2022-01-27:11:36:13.869 Annotate [main] [] INFO  e.e.ec.leos.annotate.Application - Started Application in 5.725 seconds (JVM running for 11.107)
2022-01-27:11:51:14.549 Annotate [main] [] INFO  e.e.ec.leos.annotate.Application - Starting Application on LAPTOP-BDU9TSVS with PID 10244 (C:\Users\maria\eclipse-workspace\LeosWorkspace\LEOS\modules\annotate\server\target\classes started by maria in C:\Users\maria\eclipse-workspace\LeosWorkspace\LEOS\modules\annotate\server)
2022-01-27:11:51:14.553 Annotate [main] [] DEBUG e.e.ec.leos.annotate.Application - Running with Spring Boot v1.5.9.RELEASE, Spring v4.3.16.RELEASE
2022-01-27:11:51:14.553 Annotate [main] [] INFO  e.e.ec.leos.annotate.Application - The following profiles are active: h2
2022-01-27:11:51:14.625 Annotate [main] [] INFO  o.s.b.c.e.AnnotationConfigEmbeddedWebApplicationContext - Refreshing org.springframework.boot.context.embedded.AnnotationConfigEmbeddedWebApplicationContext@288b3c66: startup date [Thu Jan 27 11:51:14 CET 2022]; root of context hierarchy
2022-01-27:11:51:14.869 Annotate [background-preinit] [] INFO  o.h.validator.internal.util.Version - HV000001: Hibernate Validator 5.3.6.Final
2022-01-27:11:51:16.508 Annotate [main] [] INFO  o.s.b.c.e.t.TomcatEmbeddedServletContainer - Tomcat initialized with port(s): 9099 (http)
2022-01-27:11:51:16.518 Annotate [main] [] INFO  o.a.catalina.core.StandardService - Starting service [Tomcat]
2022-01-27:11:51:16.519 Annotate [main] [] INFO  o.a.catalina.core.StandardEngine - Starting Servlet Engine: Apache Tomcat/8.5.23
2022-01-27:11:51:16.618 Annotate [localhost-startStop-1] [] INFO  o.a.c.c.C.[.[localhost].[/annotate] - Initializing Spring embedded WebApplicationContext
2022-01-27:11:51:16.619 Annotate [localhost-startStop-1] [] INFO  o.s.web.context.ContextLoader - Root WebApplicationContext: initialization completed in 1994 ms
2022-01-27:11:51:16.809 Annotate [localhost-startStop-1] [] INFO  o.s.b.w.s.ServletRegistrationBean - Mapping servlet: 'dispatcherServlet' to [/]
2022-01-27:11:51:16.811 Annotate [localhost-startStop-1] [] INFO  o.s.b.w.s.ServletRegistrationBean - Mapping servlet: 'webServlet' to [/h2-console/*]
2022-01-27:11:51:16.814 Annotate [localhost-startStop-1] [] INFO  o.s.b.w.s.FilterRegistrationBean - Mapping filter: 'characterEncodingFilter' to: [/*]
2022-01-27:11:51:16.815 Annotate [localhost-startStop-1] [] INFO  o.s.b.w.s.FilterRegistrationBean - Mapping filter: 'hiddenHttpMethodFilter' to: [/*]
2022-01-27:11:51:16.815 Annotate [localhost-startStop-1] [] INFO  o.s.b.w.s.FilterRegistrationBean - Mapping filter: 'httpPutFormContentFilter' to: [/*]
2022-01-27:11:51:16.815 Annotate [localhost-startStop-1] [] INFO  o.s.b.w.s.FilterRegistrationBean - Mapping filter: 'requestContextFilter' to: [/*]
2022-01-27:11:51:17.109 Annotate [main] [] INFO  o.s.jdbc.datasource.init.ScriptUtils - Executing SQL script from URL [file:/C:/Users/maria/eclipse-workspace/LeosWorkspace/LEOS/modules/annotate/server/target/classes/schema-h2.sql]
2022-01-27:11:51:17.191 Annotate [main] [] INFO  o.s.jdbc.datasource.init.ScriptUtils - Executed SQL script from URL [file:/C:/Users/maria/eclipse-workspace/LeosWorkspace/LEOS/modules/annotate/server/target/classes/schema-h2.sql] in 82 ms.
2022-01-27:11:51:17.195 Annotate [main] [] INFO  o.s.jdbc.datasource.init.ScriptUtils - Executing SQL script from URL [file:/C:/Users/maria/eclipse-workspace/LeosWorkspace/LEOS/modules/annotate/server/target/classes/data-h2.sql]
2022-01-27:11:51:17.201 Annotate [main] [] INFO  o.s.jdbc.datasource.init.ScriptUtils - Executed SQL script from URL [file:/C:/Users/maria/eclipse-workspace/LeosWorkspace/LEOS/modules/annotate/server/target/classes/data-h2.sql] in 5 ms.
2022-01-27:11:51:17.387 Annotate [main] [] INFO  o.s.o.j.LocalContainerEntityManagerFactoryBean - Building JPA container EntityManagerFactory for persistence unit 'default'
2022-01-27:11:51:17.406 Annotate [main] [] INFO  o.h.jpa.internal.util.LogHelper - HHH000204: Processing PersistenceUnitInfo [
	name: default
	...]
2022-01-27:11:51:17.648 Annotate [main] [] INFO  org.hibernate.Version - HHH000412: Hibernate Core {5.0.12.Final}
2022-01-27:11:51:17.649 Annotate [main] [] INFO  org.hibernate.cfg.Environment - HHH000206: hibernate.properties not found
2022-01-27:11:51:17.651 Annotate [main] [] INFO  org.hibernate.cfg.Environment - HHH000021: Bytecode provider name : javassist
2022-01-27:11:51:17.692 Annotate [main] [] INFO  o.h.annotations.common.Version - HCANN000001: Hibernate Commons Annotations {5.0.1.Final}
2022-01-27:11:51:17.864 Annotate [main] [] INFO  org.hibernate.dialect.Dialect - HHH000400: Using dialect: org.hibernate.dialect.H2Dialect
2022-01-27:11:51:18.437 Annotate [main] [] INFO  o.s.o.j.LocalContainerEntityManagerFactoryBean - Initialized JPA EntityManagerFactory for persistence unit 'default'
2022-01-27:11:51:18.899 Annotate [main] [] INFO  o.h.h.i.QueryTranslatorFactoryInitiator - HHH000397: Using ASTQueryTranslatorFactory
2022-01-27:11:51:19.090 Annotate [main] [] INFO  e.e.e.l.a.s.impl.UserServiceImpl - No specific timeout configured for UD repo access; use default
2022-01-27:11:51:19.238 Annotate [main] [] INFO  o.s.s.c.ThreadPoolTaskExecutor - Initializing ExecutorService 
2022-01-27:11:51:19.534 Annotate [main] [] INFO  o.s.s.c.ThreadPoolTaskScheduler - Initializing ExecutorService  'defaultSockJsTaskScheduler'
2022-01-27:11:51:19.567 Annotate [main] [] INFO  o.s.w.s.s.s.WebSocketHandlerMapping - Mapped URL path [/ws] onto handler of type [class org.springframework.web.socket.server.support.WebSocketHttpRequestHandler]
2022-01-27:11:51:19.876 Annotate [main] [] INFO  o.s.w.s.m.m.a.RequestMappingHandlerAdapter - Looking for @ControllerAdvice: org.springframework.boot.context.embedded.AnnotationConfigEmbeddedWebApplicationContext@288b3c66: startup date [Thu Jan 27 11:51:14 CET 2022]; root of context hierarchy
2022-01-27:11:51:19.960 Annotate [main] [] INFO  o.s.w.s.m.m.a.RequestMappingHandlerMapping - Mapped "{[/api/annotations/{id}],methods=[GET],produces=[application/json]}" onto public org.springframework.http.ResponseEntity<java.lang.Object> eu.europa.ec.leos.annotate.controllers.AnnotationApiController.getAnnotation(javax.servlet.http.HttpServletRequest,javax.servlet.http.HttpServletResponse,java.lang.String) throws java.io.IOException,javax.servlet.ServletException
2022-01-27:11:51:19.961 Annotate [main] [] INFO  o.s.w.s.m.m.a.RequestMappingHandlerMapping - Mapped "{[/api/annotations],methods=[POST],consumes=[application/json],produces=[application/json]}" onto public org.springframework.http.ResponseEntity<java.lang.Object> eu.europa.ec.leos.annotate.controllers.AnnotationApiController.addAnnotation(javax.servlet.http.HttpServletRequest,javax.servlet.http.HttpServletResponse,java.lang.String,eu.europa.ec.leos.annotate.model.web.annotation.JsonAnnotation) throws java.io.IOException,javax.servlet.ServletException
2022-01-27:11:51:19.962 Annotate [main] [] INFO  o.s.w.s.m.m.a.RequestMappingHandlerMapping - Mapped "{[/api/annotations/{id}],methods=[PATCH],consumes=[application/json],produces=[application/json]}" onto public org.springframework.http.ResponseEntity<java.lang.Object> eu.europa.ec.leos.annotate.controllers.AnnotationApiController.updateAnnotation(javax.servlet.http.HttpServletRequest,javax.servlet.http.HttpServletResponse,java.lang.String,java.lang.String,eu.europa.ec.leos.annotate.model.web.annotation.JsonAnnotation) throws java.io.IOException,javax.servlet.ServletException
2022-01-27:11:51:19.962 Annotate [main] [] INFO  o.s.w.s.m.m.a.RequestMappingHandlerMapping - Mapped "{[/api/annotations/{id}],methods=[DELETE],produces=[application/json]}" onto public org.springframework.http.ResponseEntity<java.lang.Object> eu.europa.ec.leos.annotate.controllers.AnnotationApiController.deleteAnnotation(javax.servlet.http.HttpServletRequest,javax.servlet.http.HttpServletResponse,java.lang.String) throws java.io.IOException,javax.servlet.ServletException
2022-01-27:11:51:19.963 Annotate [main] [] INFO  o.s.w.s.m.m.a.RequestMappingHandlerMapping - Mapped "{[/api/count],methods=[GET],produces=[application/json]}" onto public org.springframework.http.ResponseEntity<java.lang.Object> eu.europa.ec.leos.annotate.controllers.AnnotationApiController.countAnnotations(javax.servlet.http.HttpServletRequest,javax.servlet.http.HttpServletResponse,eu.europa.ec.leos.annotate.model.search.AnnotationSearchCountOptions) throws java.io.IOException,javax.servlet.ServletException
2022-01-27:11:51:19.963 Annotate [main] [] INFO  o.s.w.s.m.m.a.RequestMappingHandlerMapping - Mapped "{[/api/search],methods=[GET],produces=[application/json]}" onto public org.springframework.http.ResponseEntity<java.lang.Object> eu.europa.ec.leos.annotate.controllers.AnnotationApiController.searchAnnotations(javax.servlet.http.HttpServletRequest,javax.servlet.http.HttpServletResponse,boolean,eu.europa.ec.leos.annotate.model.web.IncomingSearchOptions) throws java.io.IOException,javax.servlet.ServletException
2022-01-27:11:51:19.964 Annotate [main] [] INFO  o.s.w.s.m.m.a.RequestMappingHandlerMapping - Mapped "{[/api/annotations],methods=[DELETE],consumes=[application/json],produces=[application/json]}" onto public org.springframework.http.ResponseEntity<java.lang.Object> eu.europa.ec.leos.annotate.controllers.AnnotationApiController.bulkDeleteAnnotations(javax.servlet.http.HttpServletRequest,javax.servlet.http.HttpServletResponse,eu.europa.ec.leos.annotate.model.web.annotation.JsonIdList) throws java.io.IOException,javax.servlet.ServletException
2022-01-27:11:51:19.965 Annotate [main] [] INFO  o.s.w.s.m.m.a.RequestMappingHandlerMapping - Mapped "{[/app.html],produces=[text/html]}" onto public org.springframework.web.servlet.ModelAndView eu.europa.ec.leos.annotate.controllers.AppController.getAppHtml(javax.servlet.http.HttpServletRequest,javax.servlet.http.HttpServletResponse) throws java.lang.Exception
2022-01-27:11:51:19.966 Annotate [main] [] INFO  o.s.w.s.m.m.a.RequestMappingHandlerMapping - Mapped "{[/api/token],produces=[application/json]}" onto public org.springframework.http.ResponseEntity<java.lang.Object> eu.europa.ec.leos.annotate.controllers.AuthApiController.getToken(javax.servlet.http.HttpServletRequest,javax.servlet.http.HttpServletResponse) throws javax.servlet.ServletException
2022-01-27:11:51:19.966 Annotate [main] [] INFO  o.s.w.s.m.m.a.RequestMappingHandlerMapping - Mapped "{[/api/groups],methods=[GET],produces=[application/json]}" onto public org.springframework.http.ResponseEntity<java.lang.Object> eu.europa.ec.leos.annotate.controllers.GroupApiController.getGroups(javax.servlet.http.HttpServletRequest,javax.servlet.http.HttpServletResponse,java.lang.String,java.lang.String,java.lang.String) throws java.io.IOException,javax.servlet.ServletException
2022-01-27:11:51:19.967 Annotate [main] [] INFO  o.s.w.s.m.m.a.RequestMappingHandlerMapping - Mapped "{[/api/],methods=[GET],produces=[application/json]}" onto public java.lang.String eu.europa.ec.leos.annotate.controllers.StaticApiController.getApi(javax.servlet.http.HttpServletRequest,javax.servlet.http.HttpServletResponse) throws java.io.IOException,javax.servlet.ServletException
2022-01-27:11:51:19.967 Annotate [main] [] INFO  o.s.w.s.m.m.a.RequestMappingHandlerMapping - Mapped "{[/api/links],produces=[application/json]}" onto public java.lang.String eu.europa.ec.leos.annotate.controllers.StaticApiController.getLinks(javax.servlet.http.HttpServletRequest,javax.servlet.http.HttpServletResponse) throws java.io.IOException,javax.servlet.ServletException
2022-01-27:11:51:19.968 Annotate [main] [] INFO  o.s.w.s.m.m.a.RequestMappingHandlerMapping - Mapped "{[/api/publishContrib],methods=[POST],produces=[application/json]}" onto public org.springframework.http.ResponseEntity<java.lang.Object> eu.europa.ec.leos.annotate.controllers.StatusApiController.publishContributions(javax.servlet.http.HttpServletRequest,javax.servlet.http.HttpServletResponse,eu.europa.ec.leos.annotate.model.web.PublishContributionsRequest) throws java.io.IOException,javax.servlet.ServletException
2022-01-27:11:51:19.968 Annotate [main] [] INFO  o.s.w.s.m.m.a.RequestMappingHandlerMapping - Mapped "{[/api/changeStatus],methods=[POST],produces=[application/json]}" onto public org.springframework.http.ResponseEntity<java.lang.Object> eu.europa.ec.leos.annotate.controllers.StatusApiController.updateAnnotationStatus(javax.servlet.http.HttpServletRequest,javax.servlet.http.HttpServletResponse,eu.europa.ec.leos.annotate.model.web.StatusUpdateRequest,eu.europa.ec.leos.annotate.model.SimpleMetadata) throws java.io.IOException,javax.servlet.ServletException
2022-01-27:11:51:19.971 Annotate [main] [] INFO  o.s.w.s.m.m.a.RequestMappingHandlerMapping - Mapped "{[/api/annotations/{id}/reject],methods=[DELETE],produces=[application/json]}" onto public org.springframework.http.ResponseEntity<java.lang.Object> eu.europa.ec.leos.annotate.controllers.SuggestionApiController.rejectSuggestion(javax.servlet.http.HttpServletRequest,javax.servlet.http.HttpServletResponse,java.lang.String) throws java.io.IOException,javax.servlet.ServletException
2022-01-27:11:51:19.973 Annotate [main] [] INFO  o.s.w.s.m.m.a.RequestMappingHandlerMapping - Mapped "{[/api/annotations/{id}/accept],methods=[DELETE],produces=[application/json]}" onto public org.springframework.http.ResponseEntity<java.lang.Object> eu.europa.ec.leos.annotate.controllers.SuggestionApiController.acceptSuggestion(javax.servlet.http.HttpServletRequest,javax.servlet.http.HttpServletResponse,java.lang.String) throws java.io.IOException,javax.servlet.ServletException
2022-01-27:11:51:19.974 Annotate [main] [] INFO  o.s.w.s.m.m.a.RequestMappingHandlerMapping - Mapped "{[/api/profile],methods=[GET],produces=[application/json]}" onto public org.springframework.http.ResponseEntity<java.lang.Object> eu.europa.ec.leos.annotate.controllers.UserApiController.getProfile(javax.servlet.http.HttpServletRequest,javax.servlet.http.HttpServletResponse,java.lang.String,java.lang.String) throws java.io.IOException,javax.servlet.ServletException
2022-01-27:11:51:19.976 Annotate [main] [] INFO  o.s.w.s.m.m.a.RequestMappingHandlerMapping - Mapped "{[/api/profile],methods=[PATCH],consumes=[application/json],produces=[application/json]}" onto public org.springframework.http.ResponseEntity<java.lang.Object> eu.europa.ec.leos.annotate.controllers.UserApiController.updateUserPreferences(javax.servlet.http.HttpServletRequest,javax.servlet.http.HttpServletResponse,eu.europa.ec.leos.annotate.model.web.user.JsonUserPreferences) throws java.io.IOException,javax.servlet.ServletException
2022-01-27:11:51:19.980 Annotate [main] [] INFO  o.s.w.s.m.m.a.RequestMappingHandlerMapping - Mapped "{[/error]}" onto public org.springframework.http.ResponseEntity<java.util.Map<java.lang.String, java.lang.Object>> org.springframework.boot.autoconfigure.web.BasicErrorController.error(javax.servlet.http.HttpServletRequest)
2022-01-27:11:51:19.981 Annotate [main] [] INFO  o.s.w.s.m.m.a.RequestMappingHandlerMapping - Mapped "{[/error],produces=[text/html]}" onto public org.springframework.web.servlet.ModelAndView org.springframework.boot.autoconfigure.web.BasicErrorController.errorHtml(javax.servlet.http.HttpServletRequest,javax.servlet.http.HttpServletResponse)
2022-01-27:11:51:20.042 Annotate [main] [] INFO  o.s.w.s.h.SimpleUrlHandlerMapping - Mapped URL path [/client/**] onto handler of type [class org.springframework.web.servlet.resource.ResourceHttpRequestHandler]
2022-01-27:11:51:20.043 Annotate [main] [] INFO  o.s.w.s.h.SimpleUrlHandlerMapping - Mapped URL path [/webjars/**] onto handler of type [class org.springframework.web.servlet.resource.ResourceHttpRequestHandler]
2022-01-27:11:51:20.043 Annotate [main] [] INFO  o.s.w.s.h.SimpleUrlHandlerMapping - Mapped URL path [/**] onto handler of type [class org.springframework.web.servlet.resource.ResourceHttpRequestHandler]
2022-01-27:11:51:20.075 Annotate [main] [] INFO  o.s.w.s.h.SimpleUrlHandlerMapping - Mapped URL path [/**/favicon.ico] onto handler of type [class org.springframework.web.servlet.resource.ResourceHttpRequestHandler]
2022-01-27:11:51:20.306 Annotate [main] [] INFO  o.s.w.s.v.f.FreeMarkerConfigurer - ClassTemplateLoader for Spring macros added to FreeMarker configuration
2022-01-27:11:51:20.533 Annotate [main] [] INFO  o.s.j.e.a.AnnotationMBeanExporter - Registering beans for JMX exposure on startup
2022-01-27:11:51:20.543 Annotate [main] [] INFO  o.s.c.s.DefaultLifecycleProcessor - Starting beans in phase 2147483647
2022-01-27:11:51:20.558 Annotate [main] [] INFO  o.a.coyote.http11.Http11NioProtocol - Initializing ProtocolHandler ["http-nio-9099"]
2022-01-27:11:51:20.570 Annotate [main] [] INFO  o.a.coyote.http11.Http11NioProtocol - Starting ProtocolHandler ["http-nio-9099"]
2022-01-27:11:51:20.586 Annotate [main] [] INFO  o.a.tomcat.util.net.NioSelectorPool - Using a shared selector for servlet write/read
2022-01-27:11:51:20.608 Annotate [main] [] INFO  o.s.b.c.e.t.TomcatEmbeddedServletContainer - Tomcat started on port(s): 9099 (http)
2022-01-27:11:51:20.615 Annotate [main] [] INFO  e.e.ec.leos.annotate.Application - Started Application in 6.414 seconds (JVM running for 12.356)
2022-01-27:16:02:59.606 Annotate [main] [] INFO  e.e.ec.leos.annotate.Application - Starting Application on LAPTOP-BDU9TSVS with PID 20292 (C:\Users\maria\eclipse-workspace\LeosWorkspace\LEOS\modules\annotate\server\target\classes started by maria in C:\Users\maria\eclipse-workspace\LeosWorkspace\LEOS\modules\annotate\server)
2022-01-27:16:02:59.609 Annotate [main] [] DEBUG e.e.ec.leos.annotate.Application - Running with Spring Boot v1.5.9.RELEASE, Spring v4.3.16.RELEASE
2022-01-27:16:02:59.609 Annotate [main] [] INFO  e.e.ec.leos.annotate.Application - The following profiles are active: h2
2022-01-27:16:02:59.655 Annotate [main] [] INFO  o.s.b.c.e.AnnotationConfigEmbeddedWebApplicationContext - Refreshing org.springframework.boot.context.embedded.AnnotationConfigEmbeddedWebApplicationContext@5f9f7e8e: startup date [Thu Jan 27 16:02:59 CET 2022]; root of context hierarchy
2022-01-27:16:02:59.866 Annotate [background-preinit] [] INFO  o.h.validator.internal.util.Version - HV000001: Hibernate Validator 5.3.6.Final
2022-01-27:16:03:03.840 Annotate [main] [] INFO  o.s.b.c.e.t.TomcatEmbeddedServletContainer - Tomcat initialized with port(s): 9099 (http)
2022-01-27:16:03:03.865 Annotate [main] [] INFO  o.a.catalina.core.StandardService - Starting service [Tomcat]
2022-01-27:16:03:03.867 Annotate [main] [] INFO  o.a.catalina.core.StandardEngine - Starting Servlet Engine: Apache Tomcat/8.5.23
2022-01-27:16:03:04.059 Annotate [localhost-startStop-1] [] INFO  o.a.c.c.C.[.[localhost].[/annotate] - Initializing Spring embedded WebApplicationContext
2022-01-27:16:03:04.060 Annotate [localhost-startStop-1] [] INFO  o.s.web.context.ContextLoader - Root WebApplicationContext: initialization completed in 4405 ms
2022-01-27:16:03:04.500 Annotate [localhost-startStop-1] [] INFO  o.s.b.w.s.ServletRegistrationBean - Mapping servlet: 'dispatcherServlet' to [/]
2022-01-27:16:03:04.503 Annotate [localhost-startStop-1] [] INFO  o.s.b.w.s.ServletRegistrationBean - Mapping servlet: 'webServlet' to [/h2-console/*]
2022-01-27:16:03:04.507 Annotate [localhost-startStop-1] [] INFO  o.s.b.w.s.FilterRegistrationBean - Mapping filter: 'characterEncodingFilter' to: [/*]
2022-01-27:16:03:04.508 Annotate [localhost-startStop-1] [] INFO  o.s.b.w.s.FilterRegistrationBean - Mapping filter: 'hiddenHttpMethodFilter' to: [/*]
2022-01-27:16:03:04.508 Annotate [localhost-startStop-1] [] INFO  o.s.b.w.s.FilterRegistrationBean - Mapping filter: 'httpPutFormContentFilter' to: [/*]
2022-01-27:16:03:04.508 Annotate [localhost-startStop-1] [] INFO  o.s.b.w.s.FilterRegistrationBean - Mapping filter: 'requestContextFilter' to: [/*]
2022-01-27:16:03:05.210 Annotate [main] [] INFO  o.s.jdbc.datasource.init.ScriptUtils - Executing SQL script from URL [file:/C:/Users/maria/eclipse-workspace/LeosWorkspace/LEOS/modules/annotate/server/target/classes/schema-h2.sql]
2022-01-27:16:03:05.428 Annotate [main] [] INFO  o.s.jdbc.datasource.init.ScriptUtils - Executed SQL script from URL [file:/C:/Users/maria/eclipse-workspace/LeosWorkspace/LEOS/modules/annotate/server/target/classes/schema-h2.sql] in 217 ms.
2022-01-27:16:03:05.435 Annotate [main] [] INFO  o.s.jdbc.datasource.init.ScriptUtils - Executing SQL script from URL [file:/C:/Users/maria/eclipse-workspace/LeosWorkspace/LEOS/modules/annotate/server/target/classes/data-h2.sql]
2022-01-27:16:03:05.444 Annotate [main] [] INFO  o.s.jdbc.datasource.init.ScriptUtils - Executed SQL script from URL [file:/C:/Users/maria/eclipse-workspace/LeosWorkspace/LEOS/modules/annotate/server/target/classes/data-h2.sql] in 8 ms.
2022-01-27:16:03:05.812 Annotate [main] [] INFO  o.s.o.j.LocalContainerEntityManagerFactoryBean - Building JPA container EntityManagerFactory for persistence unit 'default'
2022-01-27:16:03:05.849 Annotate [main] [] INFO  o.h.jpa.internal.util.LogHelper - HHH000204: Processing PersistenceUnitInfo [
	name: default
	...]
2022-01-27:16:03:06.376 Annotate [main] [] INFO  org.hibernate.Version - HHH000412: Hibernate Core {5.0.12.Final}
2022-01-27:16:03:06.379 Annotate [main] [] INFO  org.hibernate.cfg.Environment - HHH000206: hibernate.properties not found
2022-01-27:16:03:06.383 Annotate [main] [] INFO  org.hibernate.cfg.Environment - HHH000021: Bytecode provider name : javassist
2022-01-27:16:03:06.480 Annotate [main] [] INFO  o.h.annotations.common.Version - HCANN000001: Hibernate Commons Annotations {5.0.1.Final}
2022-01-27:16:03:06.942 Annotate [main] [] INFO  org.hibernate.dialect.Dialect - HHH000400: Using dialect: org.hibernate.dialect.H2Dialect
2022-01-27:16:03:08.233 Annotate [main] [] INFO  o.s.o.j.LocalContainerEntityManagerFactoryBean - Initialized JPA EntityManagerFactory for persistence unit 'default'
2022-01-27:16:03:09.270 Annotate [main] [] INFO  o.h.h.i.QueryTranslatorFactoryInitiator - HHH000397: Using ASTQueryTranslatorFactory
2022-01-27:16:03:09.691 Annotate [main] [] INFO  e.e.e.l.a.s.impl.UserServiceImpl - No specific timeout configured for UD repo access; use default
2022-01-27:16:03:09.987 Annotate [main] [] INFO  o.s.s.c.ThreadPoolTaskExecutor - Initializing ExecutorService 
2022-01-27:16:03:10.510 Annotate [main] [] INFO  o.s.s.c.ThreadPoolTaskScheduler - Initializing ExecutorService  'defaultSockJsTaskScheduler'
2022-01-27:16:03:10.563 Annotate [main] [] INFO  o.s.w.s.s.s.WebSocketHandlerMapping - Mapped URL path [/ws] onto handler of type [class org.springframework.web.socket.server.support.WebSocketHttpRequestHandler]
2022-01-27:16:03:11.143 Annotate [main] [] INFO  o.s.w.s.m.m.a.RequestMappingHandlerAdapter - Looking for @ControllerAdvice: org.springframework.boot.context.embedded.AnnotationConfigEmbeddedWebApplicationContext@5f9f7e8e: startup date [Thu Jan 27 16:02:59 CET 2022]; root of context hierarchy
2022-01-27:16:03:11.305 Annotate [main] [] INFO  o.s.w.s.m.m.a.RequestMappingHandlerMapping - Mapped "{[/api/annotations/{id}],methods=[GET],produces=[application/json]}" onto public org.springframework.http.ResponseEntity<java.lang.Object> eu.europa.ec.leos.annotate.controllers.AnnotationApiController.getAnnotation(javax.servlet.http.HttpServletRequest,javax.servlet.http.HttpServletResponse,java.lang.String) throws java.io.IOException,javax.servlet.ServletException
2022-01-27:16:03:11.308 Annotate [main] [] INFO  o.s.w.s.m.m.a.RequestMappingHandlerMapping - Mapped "{[/api/annotations],methods=[DELETE],consumes=[application/json],produces=[application/json]}" onto public org.springframework.http.ResponseEntity<java.lang.Object> eu.europa.ec.leos.annotate.controllers.AnnotationApiController.bulkDeleteAnnotations(javax.servlet.http.HttpServletRequest,javax.servlet.http.HttpServletResponse,eu.europa.ec.leos.annotate.model.web.annotation.JsonIdList) throws java.io.IOException,javax.servlet.ServletException
2022-01-27:16:03:11.308 Annotate [main] [] INFO  o.s.w.s.m.m.a.RequestMappingHandlerMapping - Mapped "{[/api/search],methods=[GET],produces=[application/json]}" onto public org.springframework.http.ResponseEntity<java.lang.Object> eu.europa.ec.leos.annotate.controllers.AnnotationApiController.searchAnnotations(javax.servlet.http.HttpServletRequest,javax.servlet.http.HttpServletResponse,boolean,eu.europa.ec.leos.annotate.model.web.IncomingSearchOptions) throws java.io.IOException,javax.servlet.ServletException
2022-01-27:16:03:11.308 Annotate [main] [] INFO  o.s.w.s.m.m.a.RequestMappingHandlerMapping - Mapped "{[/api/annotations/{id}],methods=[PATCH],consumes=[application/json],produces=[application/json]}" onto public org.springframework.http.ResponseEntity<java.lang.Object> eu.europa.ec.leos.annotate.controllers.AnnotationApiController.updateAnnotation(javax.servlet.http.HttpServletRequest,javax.servlet.http.HttpServletResponse,java.lang.String,java.lang.String,eu.europa.ec.leos.annotate.model.web.annotation.JsonAnnotation) throws java.io.IOException,javax.servlet.ServletException
2022-01-27:16:03:11.309 Annotate [main] [] INFO  o.s.w.s.m.m.a.RequestMappingHandlerMapping - Mapped "{[/api/annotations/{id}],methods=[DELETE],produces=[application/json]}" onto public org.springframework.http.ResponseEntity<java.lang.Object> eu.europa.ec.leos.annotate.controllers.AnnotationApiController.deleteAnnotation(javax.servlet.http.HttpServletRequest,javax.servlet.http.HttpServletResponse,java.lang.String) throws java.io.IOException,javax.servlet.ServletException
2022-01-27:16:03:11.310 Annotate [main] [] INFO  o.s.w.s.m.m.a.RequestMappingHandlerMapping - Mapped "{[/api/count],methods=[GET],produces=[application/json]}" onto public org.springframework.http.ResponseEntity<java.lang.Object> eu.europa.ec.leos.annotate.controllers.AnnotationApiController.countAnnotations(javax.servlet.http.HttpServletRequest,javax.servlet.http.HttpServletResponse,eu.europa.ec.leos.annotate.model.search.AnnotationSearchCountOptions) throws java.io.IOException,javax.servlet.ServletException
2022-01-27:16:03:11.310 Annotate [main] [] INFO  o.s.w.s.m.m.a.RequestMappingHandlerMapping - Mapped "{[/api/annotations],methods=[POST],consumes=[application/json],produces=[application/json]}" onto public org.springframework.http.ResponseEntity<java.lang.Object> eu.europa.ec.leos.annotate.controllers.AnnotationApiController.addAnnotation(javax.servlet.http.HttpServletRequest,javax.servlet.http.HttpServletResponse,java.lang.String,eu.europa.ec.leos.annotate.model.web.annotation.JsonAnnotation) throws java.io.IOException,javax.servlet.ServletException
2022-01-27:16:03:11.312 Annotate [main] [] INFO  o.s.w.s.m.m.a.RequestMappingHandlerMapping - Mapped "{[/app.html],produces=[text/html]}" onto public org.springframework.web.servlet.ModelAndView eu.europa.ec.leos.annotate.controllers.AppController.getAppHtml(javax.servlet.http.HttpServletRequest,javax.servlet.http.HttpServletResponse) throws java.lang.Exception
2022-01-27:16:03:11.314 Annotate [main] [] INFO  o.s.w.s.m.m.a.RequestMappingHandlerMapping - Mapped "{[/api/token],produces=[application/json]}" onto public org.springframework.http.ResponseEntity<java.lang.Object> eu.europa.ec.leos.annotate.controllers.AuthApiController.getToken(javax.servlet.http.HttpServletRequest,javax.servlet.http.HttpServletResponse) throws javax.servlet.ServletException
2022-01-27:16:03:11.315 Annotate [main] [] INFO  o.s.w.s.m.m.a.RequestMappingHandlerMapping - Mapped "{[/api/groups],methods=[GET],produces=[application/json]}" onto public org.springframework.http.ResponseEntity<java.lang.Object> eu.europa.ec.leos.annotate.controllers.GroupApiController.getGroups(javax.servlet.http.HttpServletRequest,javax.servlet.http.HttpServletResponse,java.lang.String,java.lang.String,java.lang.String) throws java.io.IOException,javax.servlet.ServletException
2022-01-27:16:03:11.316 Annotate [main] [] INFO  o.s.w.s.m.m.a.RequestMappingHandlerMapping - Mapped "{[/api/links],produces=[application/json]}" onto public java.lang.String eu.europa.ec.leos.annotate.controllers.StaticApiController.getLinks(javax.servlet.http.HttpServletRequest,javax.servlet.http.HttpServletResponse) throws java.io.IOException,javax.servlet.ServletException
2022-01-27:16:03:11.317 Annotate [main] [] INFO  o.s.w.s.m.m.a.RequestMappingHandlerMapping - Mapped "{[/api/],methods=[GET],produces=[application/json]}" onto public java.lang.String eu.europa.ec.leos.annotate.controllers.StaticApiController.getApi(javax.servlet.http.HttpServletRequest,javax.servlet.http.HttpServletResponse) throws java.io.IOException,javax.servlet.ServletException
2022-01-27:16:03:11.318 Annotate [main] [] INFO  o.s.w.s.m.m.a.RequestMappingHandlerMapping - Mapped "{[/api/changeStatus],methods=[POST],produces=[application/json]}" onto public org.springframework.http.ResponseEntity<java.lang.Object> eu.europa.ec.leos.annotate.controllers.StatusApiController.updateAnnotationStatus(javax.servlet.http.HttpServletRequest,javax.servlet.http.HttpServletResponse,eu.europa.ec.leos.annotate.model.web.StatusUpdateRequest,eu.europa.ec.leos.annotate.model.SimpleMetadata) throws java.io.IOException,javax.servlet.ServletException
2022-01-27:16:03:11.319 Annotate [main] [] INFO  o.s.w.s.m.m.a.RequestMappingHandlerMapping - Mapped "{[/api/publishContrib],methods=[POST],produces=[application/json]}" onto public org.springframework.http.ResponseEntity<java.lang.Object> eu.europa.ec.leos.annotate.controllers.StatusApiController.publishContributions(javax.servlet.http.HttpServletRequest,javax.servlet.http.HttpServletResponse,eu.europa.ec.leos.annotate.model.web.PublishContributionsRequest) throws java.io.IOException,javax.servlet.ServletException
2022-01-27:16:03:11.325 Annotate [main] [] INFO  o.s.w.s.m.m.a.RequestMappingHandlerMapping - Mapped "{[/api/annotations/{id}/accept],methods=[DELETE],produces=[application/json]}" onto public org.springframework.http.ResponseEntity<java.lang.Object> eu.europa.ec.leos.annotate.controllers.SuggestionApiController.acceptSuggestion(javax.servlet.http.HttpServletRequest,javax.servlet.http.HttpServletResponse,java.lang.String) throws java.io.IOException,javax.servlet.ServletException
2022-01-27:16:03:11.325 Annotate [main] [] INFO  o.s.w.s.m.m.a.RequestMappingHandlerMapping - Mapped "{[/api/annotations/{id}/reject],methods=[DELETE],produces=[application/json]}" onto public org.springframework.http.ResponseEntity<java.lang.Object> eu.europa.ec.leos.annotate.controllers.SuggestionApiController.rejectSuggestion(javax.servlet.http.HttpServletRequest,javax.servlet.http.HttpServletResponse,java.lang.String) throws java.io.IOException,javax.servlet.ServletException
2022-01-27:16:03:11.327 Annotate [main] [] INFO  o.s.w.s.m.m.a.RequestMappingHandlerMapping - Mapped "{[/api/profile],methods=[PATCH],consumes=[application/json],produces=[application/json]}" onto public org.springframework.http.ResponseEntity<java.lang.Object> eu.europa.ec.leos.annotate.controllers.UserApiController.updateUserPreferences(javax.servlet.http.HttpServletRequest,javax.servlet.http.HttpServletResponse,eu.europa.ec.leos.annotate.model.web.user.JsonUserPreferences) throws java.io.IOException,javax.servlet.ServletException
2022-01-27:16:03:11.328 Annotate [main] [] INFO  o.s.w.s.m.m.a.RequestMappingHandlerMapping - Mapped "{[/api/profile],methods=[GET],produces=[application/json]}" onto public org.springframework.http.ResponseEntity<java.lang.Object> eu.europa.ec.leos.annotate.controllers.UserApiController.getProfile(javax.servlet.http.HttpServletRequest,javax.servlet.http.HttpServletResponse,java.lang.String,java.lang.String) throws java.io.IOException,javax.servlet.ServletException
2022-01-27:16:03:11.331 Annotate [main] [] INFO  o.s.w.s.m.m.a.RequestMappingHandlerMapping - Mapped "{[/error]}" onto public org.springframework.http.ResponseEntity<java.util.Map<java.lang.String, java.lang.Object>> org.springframework.boot.autoconfigure.web.BasicErrorController.error(javax.servlet.http.HttpServletRequest)
2022-01-27:16:03:11.332 Annotate [main] [] INFO  o.s.w.s.m.m.a.RequestMappingHandlerMapping - Mapped "{[/error],produces=[text/html]}" onto public org.springframework.web.servlet.ModelAndView org.springframework.boot.autoconfigure.web.BasicErrorController.errorHtml(javax.servlet.http.HttpServletRequest,javax.servlet.http.HttpServletResponse)
2022-01-27:16:03:11.399 Annotate [main] [] INFO  o.s.w.s.h.SimpleUrlHandlerMapping - Mapped URL path [/client/**] onto handler of type [class org.springframework.web.servlet.resource.ResourceHttpRequestHandler]
2022-01-27:16:03:11.399 Annotate [main] [] INFO  o.s.w.s.h.SimpleUrlHandlerMapping - Mapped URL path [/webjars/**] onto handler of type [class org.springframework.web.servlet.resource.ResourceHttpRequestHandler]
2022-01-27:16:03:11.400 Annotate [main] [] INFO  o.s.w.s.h.SimpleUrlHandlerMapping - Mapped URL path [/**] onto handler of type [class org.springframework.web.servlet.resource.ResourceHttpRequestHandler]
2022-01-27:16:03:11.474 Annotate [main] [] INFO  o.s.w.s.h.SimpleUrlHandlerMapping - Mapped URL path [/**/favicon.ico] onto handler of type [class org.springframework.web.servlet.resource.ResourceHttpRequestHandler]
2022-01-27:16:03:11.912 Annotate [main] [] INFO  o.s.w.s.v.f.FreeMarkerConfigurer - ClassTemplateLoader for Spring macros added to FreeMarker configuration
2022-01-27:16:03:12.332 Annotate [main] [] INFO  o.s.j.e.a.AnnotationMBeanExporter - Registering beans for JMX exposure on startup
2022-01-27:16:03:12.350 Annotate [main] [] INFO  o.s.c.s.DefaultLifecycleProcessor - Starting beans in phase 2147483647
2022-01-27:16:03:12.382 Annotate [main] [] INFO  o.a.coyote.http11.Http11NioProtocol - Initializing ProtocolHandler ["http-nio-9099"]
2022-01-27:16:03:12.404 Annotate [main] [] INFO  o.a.coyote.http11.Http11NioProtocol - Starting ProtocolHandler ["http-nio-9099"]
2022-01-27:16:03:12.428 Annotate [main] [] INFO  o.a.tomcat.util.net.NioSelectorPool - Using a shared selector for servlet write/read
2022-01-27:16:03:12.471 Annotate [main] [] INFO  o.s.b.c.e.t.TomcatEmbeddedServletContainer - Tomcat started on port(s): 9099 (http)
2022-01-27:16:03:12.482 Annotate [main] [] INFO  e.e.ec.leos.annotate.Application - Started Application in 13.233 seconds (JVM running for 20.569)
2022-01-27:17:12:02.591 Annotate [http-nio-9099-exec-1] [] INFO  o.a.c.c.C.[.[localhost].[/annotate] - Initializing Spring FrameworkServlet 'dispatcherServlet'
2022-01-27:17:12:02.607 Annotate [http-nio-9099-exec-1] [] INFO  o.s.web.servlet.DispatcherServlet - FrameworkServlet 'dispatcherServlet': initialization started
2022-01-27:17:12:02.738 Annotate [http-nio-9099-exec-1] [] INFO  o.s.web.servlet.DispatcherServlet - FrameworkServlet 'dispatcherServlet': initialization completed in 131 ms
2022-01-27:17:12:05.416 Annotate [http-nio-9099-exec-2] [] INFO  e.e.e.l.a.s.i.AuthenticationServiceImpl - Verified received token using client 1
2022-01-27:17:12:05.425 Annotate [http-nio-9099-exec-2] [] DEBUG e.e.e.l.a.s.i.AuthenticationServiceImpl - Client may authenticate all authorities -> pass extracted user
2022-01-27:17:12:05.425 Annotate [http-nio-9099-exec-2] [] DEBUG e.e.e.l.a.c.AuthApiController - User 'demo - null' requesting for login with jwt-token
2022-01-27:17:12:05.458 Annotate [http-nio-9099-exec-2] [] DEBUG e.e.e.l.a.s.impl.UserServiceImpl - Found user based on login and context: false
2022-01-27:17:12:05.496 Annotate [http-nio-9099-exec-2] [] DEBUG e.e.e.l.a.s.impl.GroupServiceImpl - Found group based on group name: true
2022-01-27:17:12:05.496 Annotate [http-nio-9099-exec-2] [] INFO  e.e.e.l.a.s.impl.UserServiceImpl - Save user 'demo - null' in the database
2022-01-27:17:12:05.572 Annotate [http-nio-9099-exec-2] [] DEBUG e.e.e.l.a.s.impl.UserServiceImpl - User 'demo - null' created with id 1
2022-01-27:17:12:05.572 Annotate [http-nio-9099-exec-2] [] DEBUG e.e.e.l.a.s.impl.GroupServiceImpl - Found group based on group name: true
2022-01-27:17:12:05.581 Annotate [http-nio-9099-exec-2] [] DEBUG e.e.e.l.a.s.impl.GroupServiceImpl - User 'demo' (id 1) is member of group '__world__' (id 1): false
2022-01-27:17:12:05.591 Annotate [http-nio-9099-exec-2] [] INFO  e.e.e.l.a.s.impl.GroupServiceImpl - Saved user 'demo' (id 1) as member of group '__world__' (id 1)
2022-01-27:17:12:05.609 Annotate [http-nio-9099-exec-2] [] DEBUG e.e.e.l.a.s.i.util.UserDetailsCache - Next user cache cleanup time scheduled for 2022-01-27T17:22:05.609
2022-01-27:17:12:05.609 Annotate [http-nio-9099-exec-2] [] DEBUG e.e.e.l.a.s.impl.UserServiceImpl - Searching for user 'demo' in user repository for context 'null'
2022-01-27:17:12:05.898 Annotate [http-nio-9099-exec-2] [] DEBUG e.e.e.l.a.s.impl.GroupServiceImpl - Found group based on group name: false
2022-01-27:17:12:05.898 Annotate [http-nio-9099-exec-2] [] DEBUG e.e.e.l.a.s.impl.GroupServiceImpl - Found group based on internal group name: false
2022-01-27:17:12:05.898 Annotate [http-nio-9099-exec-2] [] INFO  e.e.e.l.a.s.impl.GroupServiceImpl - Save group with name 'CNECT.DDG2.G.3' in the database
2022-01-27:17:12:05.915 Annotate [http-nio-9099-exec-2] [] DEBUG e.e.e.l.a.s.impl.GroupServiceImpl - Group 'CNECT.DDG2.G.3' created with id 2
2022-01-27:17:12:05.924 Annotate [http-nio-9099-exec-2] [] DEBUG e.e.e.l.a.s.impl.GroupServiceImpl - User 'demo' (id 1) is member of group 'CNECT.DDG2.G.3' (id 2): false
2022-01-27:17:12:05.924 Annotate [http-nio-9099-exec-2] [] INFO  e.e.e.l.a.s.impl.GroupServiceImpl - Saved user 'demo' (id 1) as member of group 'CNECT.DDG2.G.3' (id 2)
2022-01-27:17:12:05.924 Annotate [http-nio-9099-exec-2] [] DEBUG e.e.e.l.a.s.impl.GroupServiceImpl - Found group based on group name: false
2022-01-27:17:12:05.924 Annotate [http-nio-9099-exec-2] [] DEBUG e.e.e.l.a.s.impl.GroupServiceImpl - Found group based on internal group name: false
2022-01-27:17:12:05.924 Annotate [http-nio-9099-exec-2] [] INFO  e.e.e.l.a.s.impl.GroupServiceImpl - Save group with name 'DGT.R.3.002T' in the database
2022-01-27:17:12:05.924 Annotate [http-nio-9099-exec-2] [] DEBUG e.e.e.l.a.s.impl.GroupServiceImpl - Group 'DGT.R.3.002T' created with id 3
2022-01-27:17:12:05.939 Annotate [http-nio-9099-exec-2] [] DEBUG e.e.e.l.a.s.impl.GroupServiceImpl - User 'demo' (id 1) is member of group 'DGT.R.3.002T' (id 3): false
2022-01-27:17:12:05.945 Annotate [http-nio-9099-exec-2] [] INFO  e.e.e.l.a.s.impl.GroupServiceImpl - Saved user 'demo' (id 1) as member of group 'DGT.R.3.002T' (id 3)
2022-01-27:17:12:05.945 Annotate [http-nio-9099-exec-2] [] DEBUG e.e.e.l.a.s.impl.GroupServiceImpl - Found group based on group name: false
2022-01-27:17:12:05.945 Annotate [http-nio-9099-exec-2] [] DEBUG e.e.e.l.a.s.impl.GroupServiceImpl - Found group based on internal group name: false
2022-01-27:17:12:05.945 Annotate [http-nio-9099-exec-2] [] INFO  e.e.e.l.a.s.impl.GroupServiceImpl - Save group with name 'CNECT' in the database
2022-01-27:17:12:05.945 Annotate [http-nio-9099-exec-2] [] DEBUG e.e.e.l.a.s.impl.GroupServiceImpl - Group 'CNECT' created with id 4
2022-01-27:17:12:05.945 Annotate [http-nio-9099-exec-2] [] DEBUG e.e.e.l.a.s.impl.GroupServiceImpl - User 'demo' (id 1) is member of group 'CNECT' (id 4): false
2022-01-27:17:12:05.945 Annotate [http-nio-9099-exec-2] [] INFO  e.e.e.l.a.s.impl.GroupServiceImpl - Saved user 'demo' (id 1) as member of group 'CNECT' (id 4)
2022-01-27:17:12:05.962 Annotate [http-nio-9099-exec-2] [] DEBUG e.e.e.l.a.s.impl.GroupServiceImpl - Found group based on group name: false
2022-01-27:17:12:05.963 Annotate [http-nio-9099-exec-2] [] DEBUG e.e.e.l.a.s.impl.GroupServiceImpl - Found group based on internal group name: false
2022-01-27:17:12:05.964 Annotate [http-nio-9099-exec-2] [] INFO  e.e.e.l.a.s.impl.GroupServiceImpl - Save group with name 'CNECT.DDG2' in the database
2022-01-27:17:12:05.967 Annotate [http-nio-9099-exec-2] [] DEBUG e.e.e.l.a.s.impl.GroupServiceImpl - Group 'CNECT.DDG2' created with id 5
2022-01-27:17:12:05.967 Annotate [http-nio-9099-exec-2] [] DEBUG e.e.e.l.a.s.impl.GroupServiceImpl - User 'demo' (id 1) is member of group 'CNECT.DDG2' (id 5): false
2022-01-27:17:12:05.967 Annotate [http-nio-9099-exec-2] [] INFO  e.e.e.l.a.s.impl.GroupServiceImpl - Saved user 'demo' (id 1) as member of group 'CNECT.DDG2' (id 5)
2022-01-27:17:12:05.974 Annotate [http-nio-9099-exec-2] [] DEBUG e.e.e.l.a.s.impl.GroupServiceImpl - Found group based on group name: false
2022-01-27:17:12:05.974 Annotate [http-nio-9099-exec-2] [] DEBUG e.e.e.l.a.s.impl.GroupServiceImpl - Found group based on internal group name: false
2022-01-27:17:12:05.974 Annotate [http-nio-9099-exec-2] [] INFO  e.e.e.l.a.s.impl.GroupServiceImpl - Save group with name 'CNECT.DDG2.G' in the database
2022-01-27:17:12:05.974 Annotate [http-nio-9099-exec-2] [] DEBUG e.e.e.l.a.s.impl.GroupServiceImpl - Group 'CNECT.DDG2.G' created with id 6
2022-01-27:17:12:05.982 Annotate [http-nio-9099-exec-2] [] DEBUG e.e.e.l.a.s.impl.GroupServiceImpl - User 'demo' (id 1) is member of group 'CNECT.DDG2.G' (id 6): false
2022-01-27:17:12:05.984 Annotate [http-nio-9099-exec-2] [] INFO  e.e.e.l.a.s.impl.GroupServiceImpl - Saved user 'demo' (id 1) as member of group 'CNECT.DDG2.G' (id 6)
2022-01-27:17:12:05.988 Annotate [http-nio-9099-exec-2] [] DEBUG e.e.e.l.a.s.impl.GroupServiceImpl - Found group based on group name: true
2022-01-27:17:12:05.989 Annotate [http-nio-9099-exec-2] [] DEBUG e.e.e.l.a.s.impl.GroupServiceImpl - User 'demo' (id 1) is member of group 'CNECT.DDG2.G.3' (id 2): true
2022-01-27:17:12:05.990 Annotate [http-nio-9099-exec-2] [] INFO  e.e.e.l.a.s.impl.GroupServiceImpl - User 'demo' is already member of group 'CNECT.DDG2.G.3' - nothing to do
2022-01-27:17:12:05.991 Annotate [http-nio-9099-exec-2] [] DEBUG e.e.e.l.a.s.impl.GroupServiceImpl - Found group based on group name: false
2022-01-27:17:12:05.991 Annotate [http-nio-9099-exec-2] [] DEBUG e.e.e.l.a.s.impl.GroupServiceImpl - Found group based on internal group name: false
2022-01-27:17:12:05.991 Annotate [http-nio-9099-exec-2] [] INFO  e.e.e.l.a.s.impl.GroupServiceImpl - Save group with name 'DGT' in the database
2022-01-27:17:12:05.991 Annotate [http-nio-9099-exec-2] [] DEBUG e.e.e.l.a.s.impl.GroupServiceImpl - Group 'DGT' created with id 7
2022-01-27:17:12:05.991 Annotate [http-nio-9099-exec-2] [] DEBUG e.e.e.l.a.s.impl.GroupServiceImpl - User 'demo' (id 1) is member of group 'DGT' (id 7): false
2022-01-27:17:12:06.000 Annotate [http-nio-9099-exec-2] [] INFO  e.e.e.l.a.s.impl.GroupServiceImpl - Saved user 'demo' (id 1) as member of group 'DGT' (id 7)
2022-01-27:17:12:06.003 Annotate [http-nio-9099-exec-2] [] DEBUG e.e.e.l.a.s.impl.GroupServiceImpl - Found group based on group name: false
2022-01-27:17:12:06.006 Annotate [http-nio-9099-exec-2] [] DEBUG e.e.e.l.a.s.impl.GroupServiceImpl - Found group based on internal group name: false
2022-01-27:17:12:06.006 Annotate [http-nio-9099-exec-2] [] INFO  e.e.e.l.a.s.impl.GroupServiceImpl - Save group with name 'DGT.R' in the database
2022-01-27:17:12:06.006 Annotate [http-nio-9099-exec-2] [] DEBUG e.e.e.l.a.s.impl.GroupServiceImpl - Group 'DGT.R' created with id 8
2022-01-27:17:12:06.006 Annotate [http-nio-9099-exec-2] [] DEBUG e.e.e.l.a.s.impl.GroupServiceImpl - User 'demo' (id 1) is member of group 'DGT.R' (id 8): false
2022-01-27:17:12:06.017 Annotate [http-nio-9099-exec-2] [] INFO  e.e.e.l.a.s.impl.GroupServiceImpl - Saved user 'demo' (id 1) as member of group 'DGT.R' (id 8)
2022-01-27:17:12:06.018 Annotate [http-nio-9099-exec-2] [] DEBUG e.e.e.l.a.s.impl.GroupServiceImpl - Found group based on group name: false
2022-01-27:17:12:06.021 Annotate [http-nio-9099-exec-2] [] DEBUG e.e.e.l.a.s.impl.GroupServiceImpl - Found group based on internal group name: false
2022-01-27:17:12:06.024 Annotate [http-nio-9099-exec-2] [] INFO  e.e.e.l.a.s.impl.GroupServiceImpl - Save group with name 'DGT.R.3' in the database
2022-01-27:17:12:06.029 Annotate [http-nio-9099-exec-2] [] DEBUG e.e.e.l.a.s.impl.GroupServiceImpl - Group 'DGT.R.3' created with id 9
2022-01-27:17:12:06.029 Annotate [http-nio-9099-exec-2] [] DEBUG e.e.e.l.a.s.impl.GroupServiceImpl - User 'demo' (id 1) is member of group 'DGT.R.3' (id 9): false
2022-01-27:17:12:06.033 Annotate [http-nio-9099-exec-2] [] INFO  e.e.e.l.a.s.impl.GroupServiceImpl - Saved user 'demo' (id 1) as member of group 'DGT.R.3' (id 9)
2022-01-27:17:12:06.033 Annotate [http-nio-9099-exec-2] [] DEBUG e.e.e.l.a.s.impl.GroupServiceImpl - Found group based on group name: true
2022-01-27:17:12:06.039 Annotate [http-nio-9099-exec-2] [] DEBUG e.e.e.l.a.s.impl.GroupServiceImpl - User 'demo' (id 1) is member of group 'DGT.R.3.002T' (id 3): true
2022-01-27:17:12:06.039 Annotate [http-nio-9099-exec-2] [] INFO  e.e.e.l.a.s.impl.GroupServiceImpl - User 'demo' is already member of group 'DGT.R.3.002T' - nothing to do
2022-01-27:17:12:06.047 Annotate [http-nio-9099-exec-2] [] DEBUG e.e.e.l.a.s.impl.GroupServiceImpl - Found 9 groups in which user 'demo' is member
2022-01-27:17:12:06.247 Annotate [http-nio-9099-exec-3] [] DEBUG e.e.e.l.a.s.i.AuthenticationServiceImpl - Found access token 'cNPCoIuHQSOSbvXh-6Zsuw', belongs to user 'demo'
2022-01-27:17:12:06.271 Annotate [http-nio-9099-exec-3] [] DEBUG e.e.e.l.a.m.AuthenticatedUserStore - Setting user info; user login='demo'
2022-01-27:17:12:06.288 Annotate [http-nio-9099-exec-3] [] DEBUG e.e.e.l.a.s.impl.UserServiceImpl - User details for user 'demo - null' still cached, use cached info
2022-01-27:17:12:06.296 Annotate [http-nio-9099-exec-3] [] DEBUG e.e.e.l.a.s.impl.GroupServiceImpl - Found 9 groups in which user 'demo' is member
2022-01-27:17:12:06.325 Annotate [http-nio-9099-exec-4] [] DEBUG e.e.e.l.a.s.i.AuthenticationServiceImpl - Found access token 'cNPCoIuHQSOSbvXh-6Zsuw', belongs to user 'demo'
2022-01-27:17:12:06.333 Annotate [http-nio-9099-exec-4] [] DEBUG e.e.e.l.a.m.AuthenticatedUserStore - Setting user info; user login='demo'
2022-01-27:17:12:06.334 Annotate [http-nio-9099-exec-4] [] DEBUG e.e.e.l.a.s.impl.GroupServiceImpl - Found 9 groups in which user 'demo' is member
2022-01-27:17:12:06.342 Annotate [http-nio-9099-exec-4] [] DEBUG e.e.e.l.a.s.impl.GroupServiceImpl - Found 9 groups for user 'demo'
2022-01-27:17:12:06.358 Annotate [http-nio-9099-exec-6] [] DEBUG e.e.e.l.a.s.i.AuthenticationServiceImpl - Found access token 'cNPCoIuHQSOSbvXh-6Zsuw', belongs to user 'demo'
2022-01-27:17:12:06.358 Annotate [http-nio-9099-exec-6] [] DEBUG e.e.e.l.a.m.AuthenticatedUserStore - Setting user info; user login='demo'
2022-01-27:17:12:06.358 Annotate [http-nio-9099-exec-6] [] DEBUG e.e.e.l.a.s.impl.GroupServiceImpl - Found 9 groups in which user 'demo' is member
2022-01-27:17:12:06.368 Annotate [http-nio-9099-exec-6] [] DEBUG e.e.e.l.a.s.impl.GroupServiceImpl - Found 9 groups for user 'demo'
2022-01-27:17:12:06.475 Annotate [http-nio-9099-exec-7] [] DEBUG e.e.e.l.a.s.i.AuthenticationServiceImpl - Found access token 'cNPCoIuHQSOSbvXh-6Zsuw', belongs to user 'demo'
2022-01-27:17:12:06.475 Annotate [http-nio-9099-exec-7] [] DEBUG e.e.e.l.a.m.AuthenticatedUserStore - Setting user info; user login='demo'
2022-01-27:17:12:06.475 Annotate [http-nio-9099-exec-7] [] DEBUG e.e.e.l.a.c.AnnotationApiController - Received request to search for annotations
2022-01-27:17:12:06.497 Annotate [http-nio-9099-exec-7] [] DEBUG e.e.e.l.a.s.i.AnnotationSearchServiceImpl - User authenticated while searching for annotations: 'demo'
2022-01-27:17:12:06.497 Annotate [http-nio-9099-exec-7] [] DEBUG e.e.e.l.a.s.impl.DocumentServiceImpl - Found document with uri 'uri://LEOS/annex_1':false 
2022-01-27:17:12:06.497 Annotate [http-nio-9099-exec-7] [] DEBUG e.e.e.l.a.s.i.AnnotationSearchServiceImpl - No document registered yet for given search URI: uri://LEOS/annex_1
2022-01-27:17:12:06.505 Annotate [http-nio-9099-exec-7] [] DEBUG e.e.e.l.a.c.AnnotationApiController - Annotation search successful, return Http status 200 and result: '0'
2022-01-27:17:12:06.574 Annotate [http-nio-9099-exec-5] [] DEBUG e.e.e.l.a.s.i.AuthenticationServiceImpl - Found access token 'cNPCoIuHQSOSbvXh-6Zsuw', belongs to user 'demo'
2022-01-27:17:12:06.574 Annotate [http-nio-9099-exec-5] [] DEBUG e.e.e.l.a.w.AnnotateWebSocketHandler - Web socket connected :0, demo
