2022-02-01:12:32:52.761 Annotate [main] [] INFO  e.e.ec.leos.annotate.Application - Starting Application on LAPTOP-BDU9TSVS with PID 8464 (C:\Users\maria\eclipse-workspace\LeosWorkspace\LEOS\modules\annotate\server\target\classes started by maria in C:\Users\maria\eclipse-workspace\LeosWorkspace\LEOS\modules\annotate\server)
2022-02-01:12:32:52.765 Annotate [main] [] DEBUG e.e.ec.leos.annotate.Application - Running with Spring Boot v1.5.9.RELEASE, Spring v4.3.16.RELEASE
2022-02-01:12:32:52.765 Annotate [main] [] INFO  e.e.ec.leos.annotate.Application - The following profiles are active: h2
2022-02-01:12:32:52.826 Annotate [main] [] INFO  o.s.b.c.e.AnnotationConfigEmbeddedWebApplicationContext - Refreshing org.springframework.boot.context.embedded.AnnotationConfigEmbeddedWebApplicationContext@25fbb76: startup date [Tue Feb 01 12:32:52 CET 2022]; root of context hierarchy
2022-02-01:12:32:53.065 Annotate [background-preinit] [] INFO  o.h.validator.internal.util.Version - HV000001: Hibernate Validator 5.3.6.Final
2022-02-01:12:32:55.032 Annotate [main] [] INFO  o.s.b.c.e.t.TomcatEmbeddedServletContainer - Tomcat initialized with port(s): 9099 (http)
2022-02-01:12:32:55.046 Annotate [main] [] INFO  o.a.catalina.core.StandardService - Starting service [Tomcat]
2022-02-01:12:32:55.047 Annotate [main] [] INFO  o.a.catalina.core.StandardEngine - Starting Servlet Engine: Apache Tomcat/8.5.23
2022-02-01:12:32:55.150 Annotate [localhost-startStop-1] [] INFO  o.a.c.c.C.[.[localhost].[/annotate] - Initializing Spring embedded WebApplicationContext
2022-02-01:12:32:55.151 Annotate [localhost-startStop-1] [] INFO  o.s.web.context.ContextLoader - Root WebApplicationContext: initialization completed in 2325 ms
2022-02-01:12:32:55.387 Annotate [localhost-startStop-1] [] INFO  o.s.b.w.s.ServletRegistrationBean - Mapping servlet: 'dispatcherServlet' to [/]
2022-02-01:12:32:55.389 Annotate [localhost-startStop-1] [] INFO  o.s.b.w.s.ServletRegistrationBean - Mapping servlet: 'webServlet' to [/h2-console/*]
2022-02-01:12:32:55.393 Annotate [localhost-startStop-1] [] INFO  o.s.b.w.s.FilterRegistrationBean - Mapping filter: 'characterEncodingFilter' to: [/*]
2022-02-01:12:32:55.394 Annotate [localhost-startStop-1] [] INFO  o.s.b.w.s.FilterRegistrationBean - Mapping filter: 'hiddenHttpMethodFilter' to: [/*]
2022-02-01:12:32:55.394 Annotate [localhost-startStop-1] [] INFO  o.s.b.w.s.FilterRegistrationBean - Mapping filter: 'httpPutFormContentFilter' to: [/*]
2022-02-01:12:32:55.394 Annotate [localhost-startStop-1] [] INFO  o.s.b.w.s.FilterRegistrationBean - Mapping filter: 'requestContextFilter' to: [/*]
2022-02-01:12:32:55.791 Annotate [main] [] INFO  o.s.jdbc.datasource.init.ScriptUtils - Executing SQL script from URL [file:/C:/Users/maria/eclipse-workspace/LeosWorkspace/LEOS/modules/annotate/server/target/classes/schema-h2.sql]
2022-02-01:12:32:55.909 Annotate [main] [] INFO  o.s.jdbc.datasource.init.ScriptUtils - Executed SQL script from URL [file:/C:/Users/maria/eclipse-workspace/LeosWorkspace/LEOS/modules/annotate/server/target/classes/schema-h2.sql] in 118 ms.
2022-02-01:12:32:55.914 Annotate [main] [] INFO  o.s.jdbc.datasource.init.ScriptUtils - Executing SQL script from URL [file:/C:/Users/maria/eclipse-workspace/LeosWorkspace/LEOS/modules/annotate/server/target/classes/data-h2.sql]
2022-02-01:12:32:55.920 Annotate [main] [] INFO  o.s.jdbc.datasource.init.ScriptUtils - Executed SQL script from URL [file:/C:/Users/maria/eclipse-workspace/LeosWorkspace/LEOS/modules/annotate/server/target/classes/data-h2.sql] in 6 ms.
2022-02-01:12:32:56.119 Annotate [main] [] INFO  o.s.o.j.LocalContainerEntityManagerFactoryBean - Building JPA container EntityManagerFactory for persistence unit 'default'
2022-02-01:12:32:56.139 Annotate [main] [] INFO  o.h.jpa.internal.util.LogHelper - HHH000204: Processing PersistenceUnitInfo [
	name: default
	...]
2022-02-01:12:32:56.400 Annotate [main] [] INFO  org.hibernate.Version - HHH000412: Hibernate Core {5.0.12.Final}
2022-02-01:12:32:56.402 Annotate [main] [] INFO  org.hibernate.cfg.Environment - HHH000206: hibernate.properties not found
2022-02-01:12:32:56.404 Annotate [main] [] INFO  org.hibernate.cfg.Environment - HHH000021: Bytecode provider name : javassist
2022-02-01:12:32:56.446 Annotate [main] [] INFO  o.h.annotations.common.Version - HCANN000001: Hibernate Commons Annotations {5.0.1.Final}
2022-02-01:12:32:56.653 Annotate [main] [] INFO  org.hibernate.dialect.Dialect - HHH000400: Using dialect: org.hibernate.dialect.H2Dialect
2022-02-01:12:32:57.277 Annotate [main] [] INFO  o.s.o.j.LocalContainerEntityManagerFactoryBean - Initialized JPA EntityManagerFactory for persistence unit 'default'
2022-02-01:12:32:57.838 Annotate [main] [] INFO  o.h.h.i.QueryTranslatorFactoryInitiator - HHH000397: Using ASTQueryTranslatorFactory
2022-02-01:12:32:58.045 Annotate [main] [] INFO  e.e.e.l.a.s.impl.UserServiceImpl - No specific timeout configured for UD repo access; use default
2022-02-01:12:32:58.205 Annotate [main] [] INFO  o.s.s.c.ThreadPoolTaskExecutor - Initializing ExecutorService 
2022-02-01:12:32:58.488 Annotate [main] [] INFO  o.s.s.c.ThreadPoolTaskScheduler - Initializing ExecutorService  'defaultSockJsTaskScheduler'
2022-02-01:12:32:58.519 Annotate [main] [] INFO  o.s.w.s.s.s.WebSocketHandlerMapping - Mapped URL path [/ws] onto handler of type [class org.springframework.web.socket.server.support.WebSocketHttpRequestHandler]
2022-02-01:12:32:58.853 Annotate [main] [] INFO  o.s.w.s.m.m.a.RequestMappingHandlerAdapter - Looking for @ControllerAdvice: org.springframework.boot.context.embedded.AnnotationConfigEmbeddedWebApplicationContext@25fbb76: startup date [Tue Feb 01 12:32:52 CET 2022]; root of context hierarchy
2022-02-01:12:32:58.953 Annotate [main] [] INFO  o.s.w.s.m.m.a.RequestMappingHandlerMapping - Mapped "{[/api/annotations/{id}],methods=[GET],produces=[application/json]}" onto public org.springframework.http.ResponseEntity<java.lang.Object> eu.europa.ec.leos.annotate.controllers.AnnotationApiController.getAnnotation(javax.servlet.http.HttpServletRequest,javax.servlet.http.HttpServletResponse,java.lang.String) throws java.io.IOException,javax.servlet.ServletException
2022-02-01:12:32:58.955 Annotate [main] [] INFO  o.s.w.s.m.m.a.RequestMappingHandlerMapping - Mapped "{[/api/count],methods=[GET],produces=[application/json]}" onto public org.springframework.http.ResponseEntity<java.lang.Object> eu.europa.ec.leos.annotate.controllers.AnnotationApiController.countAnnotations(javax.servlet.http.HttpServletRequest,javax.servlet.http.HttpServletResponse,eu.europa.ec.leos.annotate.model.search.AnnotationSearchCountOptions) throws java.io.IOException,javax.servlet.ServletException
2022-02-01:12:32:58.956 Annotate [main] [] INFO  o.s.w.s.m.m.a.RequestMappingHandlerMapping - Mapped "{[/api/annotations/{id}],methods=[DELETE],produces=[application/json]}" onto public org.springframework.http.ResponseEntity<java.lang.Object> eu.europa.ec.leos.annotate.controllers.AnnotationApiController.deleteAnnotation(javax.servlet.http.HttpServletRequest,javax.servlet.http.HttpServletResponse,java.lang.String) throws java.io.IOException,javax.servlet.ServletException
2022-02-01:12:32:58.956 Annotate [main] [] INFO  o.s.w.s.m.m.a.RequestMappingHandlerMapping - Mapped "{[/api/annotations/{id}],methods=[PATCH],consumes=[application/json],produces=[application/json]}" onto public org.springframework.http.ResponseEntity<java.lang.Object> eu.europa.ec.leos.annotate.controllers.AnnotationApiController.updateAnnotation(javax.servlet.http.HttpServletRequest,javax.servlet.http.HttpServletResponse,java.lang.String,java.lang.String,eu.europa.ec.leos.annotate.model.web.annotation.JsonAnnotation) throws java.io.IOException,javax.servlet.ServletException
2022-02-01:12:32:58.956 Annotate [main] [] INFO  o.s.w.s.m.m.a.RequestMappingHandlerMapping - Mapped "{[/api/annotations],methods=[POST],consumes=[application/json],produces=[application/json]}" onto public org.springframework.http.ResponseEntity<java.lang.Object> eu.europa.ec.leos.annotate.controllers.AnnotationApiController.addAnnotation(javax.servlet.http.HttpServletRequest,javax.servlet.http.HttpServletResponse,java.lang.String,eu.europa.ec.leos.annotate.model.web.annotation.JsonAnnotation) throws java.io.IOException,javax.servlet.ServletException
2022-02-01:12:32:58.957 Annotate [main] [] INFO  o.s.w.s.m.m.a.RequestMappingHandlerMapping - Mapped "{[/api/annotations],methods=[DELETE],consumes=[application/json],produces=[application/json]}" onto public org.springframework.http.ResponseEntity<java.lang.Object> eu.europa.ec.leos.annotate.controllers.AnnotationApiController.bulkDeleteAnnotations(javax.servlet.http.HttpServletRequest,javax.servlet.http.HttpServletResponse,eu.europa.ec.leos.annotate.model.web.annotation.JsonIdList) throws java.io.IOException,javax.servlet.ServletException
2022-02-01:12:32:58.957 Annotate [main] [] INFO  o.s.w.s.m.m.a.RequestMappingHandlerMapping - Mapped "{[/api/search],methods=[GET],produces=[application/json]}" onto public org.springframework.http.ResponseEntity<java.lang.Object> eu.europa.ec.leos.annotate.controllers.AnnotationApiController.searchAnnotations(javax.servlet.http.HttpServletRequest,javax.servlet.http.HttpServletResponse,boolean,eu.europa.ec.leos.annotate.model.web.IncomingSearchOptions) throws java.io.IOException,javax.servlet.ServletException
2022-02-01:12:32:58.959 Annotate [main] [] INFO  o.s.w.s.m.m.a.RequestMappingHandlerMapping - Mapped "{[/app.html],produces=[text/html]}" onto public org.springframework.web.servlet.ModelAndView eu.europa.ec.leos.annotate.controllers.AppController.getAppHtml(javax.servlet.http.HttpServletRequest,javax.servlet.http.HttpServletResponse) throws java.lang.Exception
2022-02-01:12:32:58.960 Annotate [main] [] INFO  o.s.w.s.m.m.a.RequestMappingHandlerMapping - Mapped "{[/api/token],produces=[application/json]}" onto public org.springframework.http.ResponseEntity<java.lang.Object> eu.europa.ec.leos.annotate.controllers.AuthApiController.getToken(javax.servlet.http.HttpServletRequest,javax.servlet.http.HttpServletResponse) throws javax.servlet.ServletException
2022-02-01:12:32:58.960 Annotate [main] [] INFO  o.s.w.s.m.m.a.RequestMappingHandlerMapping - Mapped "{[/api/groups],methods=[GET],produces=[application/json]}" onto public org.springframework.http.ResponseEntity<java.lang.Object> eu.europa.ec.leos.annotate.controllers.GroupApiController.getGroups(javax.servlet.http.HttpServletRequest,javax.servlet.http.HttpServletResponse,java.lang.String,java.lang.String,java.lang.String) throws java.io.IOException,javax.servlet.ServletException
2022-02-01:12:32:58.961 Annotate [main] [] INFO  o.s.w.s.m.m.a.RequestMappingHandlerMapping - Mapped "{[/api/],methods=[GET],produces=[application/json]}" onto public java.lang.String eu.europa.ec.leos.annotate.controllers.StaticApiController.getApi(javax.servlet.http.HttpServletRequest,javax.servlet.http.HttpServletResponse) throws java.io.IOException,javax.servlet.ServletException
2022-02-01:12:32:58.962 Annotate [main] [] INFO  o.s.w.s.m.m.a.RequestMappingHandlerMapping - Mapped "{[/api/links],produces=[application/json]}" onto public java.lang.String eu.europa.ec.leos.annotate.controllers.StaticApiController.getLinks(javax.servlet.http.HttpServletRequest,javax.servlet.http.HttpServletResponse) throws java.io.IOException,javax.servlet.ServletException
2022-02-01:12:32:58.964 Annotate [main] [] INFO  o.s.w.s.m.m.a.RequestMappingHandlerMapping - Mapped "{[/api/publishContrib],methods=[POST],produces=[application/json]}" onto public org.springframework.http.ResponseEntity<java.lang.Object> eu.europa.ec.leos.annotate.controllers.StatusApiController.publishContributions(javax.servlet.http.HttpServletRequest,javax.servlet.http.HttpServletResponse,eu.europa.ec.leos.annotate.model.web.PublishContributionsRequest) throws java.io.IOException,javax.servlet.ServletException
2022-02-01:12:32:58.964 Annotate [main] [] INFO  o.s.w.s.m.m.a.RequestMappingHandlerMapping - Mapped "{[/api/changeStatus],methods=[POST],produces=[application/json]}" onto public org.springframework.http.ResponseEntity<java.lang.Object> eu.europa.ec.leos.annotate.controllers.StatusApiController.updateAnnotationStatus(javax.servlet.http.HttpServletRequest,javax.servlet.http.HttpServletResponse,eu.europa.ec.leos.annotate.model.web.StatusUpdateRequest,eu.europa.ec.leos.annotate.model.SimpleMetadata) throws java.io.IOException,javax.servlet.ServletException
2022-02-01:12:32:58.967 Annotate [main] [] INFO  o.s.w.s.m.m.a.RequestMappingHandlerMapping - Mapped "{[/api/annotations/{id}/accept],methods=[DELETE],produces=[application/json]}" onto public org.springframework.http.ResponseEntity<java.lang.Object> eu.europa.ec.leos.annotate.controllers.SuggestionApiController.acceptSuggestion(javax.servlet.http.HttpServletRequest,javax.servlet.http.HttpServletResponse,java.lang.String) throws java.io.IOException,javax.servlet.ServletException
2022-02-01:12:32:58.967 Annotate [main] [] INFO  o.s.w.s.m.m.a.RequestMappingHandlerMapping - Mapped "{[/api/annotations/{id}/reject],methods=[DELETE],produces=[application/json]}" onto public org.springframework.http.ResponseEntity<java.lang.Object> eu.europa.ec.leos.annotate.controllers.SuggestionApiController.rejectSuggestion(javax.servlet.http.HttpServletRequest,javax.servlet.http.HttpServletResponse,java.lang.String) throws java.io.IOException,javax.servlet.ServletException
2022-02-01:12:32:58.968 Annotate [main] [] INFO  o.s.w.s.m.m.a.RequestMappingHandlerMapping - Mapped "{[/api/profile],methods=[GET],produces=[application/json]}" onto public org.springframework.http.ResponseEntity<java.lang.Object> eu.europa.ec.leos.annotate.controllers.UserApiController.getProfile(javax.servlet.http.HttpServletRequest,javax.servlet.http.HttpServletResponse,java.lang.String,java.lang.String) throws java.io.IOException,javax.servlet.ServletException
2022-02-01:12:32:58.969 Annotate [main] [] INFO  o.s.w.s.m.m.a.RequestMappingHandlerMapping - Mapped "{[/api/profile],methods=[PATCH],consumes=[application/json],produces=[application/json]}" onto public org.springframework.http.ResponseEntity<java.lang.Object> eu.europa.ec.leos.annotate.controllers.UserApiController.updateUserPreferences(javax.servlet.http.HttpServletRequest,javax.servlet.http.HttpServletResponse,eu.europa.ec.leos.annotate.model.web.user.JsonUserPreferences) throws java.io.IOException,javax.servlet.ServletException
2022-02-01:12:32:58.971 Annotate [main] [] INFO  o.s.w.s.m.m.a.RequestMappingHandlerMapping - Mapped "{[/error]}" onto public org.springframework.http.ResponseEntity<java.util.Map<java.lang.String, java.lang.Object>> org.springframework.boot.autoconfigure.web.BasicErrorController.error(javax.servlet.http.HttpServletRequest)
2022-02-01:12:32:58.971 Annotate [main] [] INFO  o.s.w.s.m.m.a.RequestMappingHandlerMapping - Mapped "{[/error],produces=[text/html]}" onto public org.springframework.web.servlet.ModelAndView org.springframework.boot.autoconfigure.web.BasicErrorController.errorHtml(javax.servlet.http.HttpServletRequest,javax.servlet.http.HttpServletResponse)
2022-02-01:12:32:59.006 Annotate [main] [] INFO  o.s.w.s.h.SimpleUrlHandlerMapping - Mapped URL path [/client/**] onto handler of type [class org.springframework.web.servlet.resource.ResourceHttpRequestHandler]
2022-02-01:12:32:59.006 Annotate [main] [] INFO  o.s.w.s.h.SimpleUrlHandlerMapping - Mapped URL path [/webjars/**] onto handler of type [class org.springframework.web.servlet.resource.ResourceHttpRequestHandler]
2022-02-01:12:32:59.006 Annotate [main] [] INFO  o.s.w.s.h.SimpleUrlHandlerMapping - Mapped URL path [/**] onto handler of type [class org.springframework.web.servlet.resource.ResourceHttpRequestHandler]
2022-02-01:12:32:59.072 Annotate [main] [] INFO  o.s.w.s.h.SimpleUrlHandlerMapping - Mapped URL path [/**/favicon.ico] onto handler of type [class org.springframework.web.servlet.resource.ResourceHttpRequestHandler]
2022-02-01:12:32:59.314 Annotate [main] [] INFO  o.s.w.s.v.f.FreeMarkerConfigurer - ClassTemplateLoader for Spring macros added to FreeMarker configuration
2022-02-01:12:32:59.517 Annotate [main] [] INFO  o.s.j.e.a.AnnotationMBeanExporter - Registering beans for JMX exposure on startup
2022-02-01:12:32:59.526 Annotate [main] [] INFO  o.s.c.s.DefaultLifecycleProcessor - Starting beans in phase 2147483647
2022-02-01:12:32:59.541 Annotate [main] [] INFO  o.a.coyote.http11.Http11NioProtocol - Initializing ProtocolHandler ["http-nio-9099"]
2022-02-01:12:32:59.551 Annotate [main] [] INFO  o.a.coyote.http11.Http11NioProtocol - Starting ProtocolHandler ["http-nio-9099"]
2022-02-01:12:32:59.565 Annotate [main] [] INFO  o.a.tomcat.util.net.NioSelectorPool - Using a shared selector for servlet write/read
2022-02-01:12:32:59.588 Annotate [main] [] INFO  o.s.b.c.e.t.TomcatEmbeddedServletContainer - Tomcat started on port(s): 9099 (http)
2022-02-01:12:32:59.594 Annotate [main] [] INFO  e.e.ec.leos.annotate.Application - Started Application in 7.218 seconds (JVM running for 14.366)
